This file contains any messages produced by compilers while
running configure, to aid debugging if configure makes a mistake.

It was created by GNU Bison configure 1.875, which was
generated by GNU Autoconf 2.71.  Invocation command line was

  $ ./configure --prefix=/mnt/data_server/kloessner/experiments/probfd/ppddl-benchmarks/probfd-generators/random/bison-install --no-create --no-recursion

## --------- ##
## Platform. ##
## --------- ##

hostname = lemmy.cs.uni-saarland.de
uname -m = x86_64
uname -r = 6.1.11-200.fc37.x86_64
uname -s = Linux
uname -v = #1 SMP PREEMPT_DYNAMIC Thu Feb  9 19:20:24 UTC 2023

/usr/bin/uname -p = x86_64
/bin/uname -X     = unknown

/bin/arch              = x86_64
/usr/bin/arch -k       = unknown
/usr/convex/getsysinfo = unknown
/usr/bin/hostinfo      = unknown
/bin/machine           = unknown
/usr/bin/oslevel       = unknown
/bin/universe          = unknown

PATH: /opt/sge/bin/
PATH: /opt/sge/bin/lx-amd64/
PATH: /home/kloessner/.vscode-server/bin/b7886d7461186a5eac768481578c1d7ca80e2d21/bin/remote-cli/
PATH: /opt/sge/bin/
PATH: /opt/sge/bin/lx-amd64/
PATH: /opt/sge/bin/
PATH: /opt/sge/bin/lx-amd64/
PATH: /usr/local/bin/
PATH: /usr/bin/
PATH: /usr/local/sbin/
PATH: /usr/sbin/
PATH: /mnt/data_server/kloessner/scripts/
PATH: /mnt/data_server/kloessner/scripts/
PATH: /mnt/data_server/kloessner/scripts/


## ----------- ##
## Core tests. ##
## ----------- ##

configure:2533: looking for aux files: config.guess config.sub install-sh
configure:2546:  trying ./config/
configure:2575:   ./config/config.guess found
configure:2575:   ./config/config.sub found
configure:2557:   ./config/install-sh found
configure:2705: checking for a BSD-compatible install
configure:2778: result: /usr/bin/install -c
configure:2789: checking whether build environment is sane
configure:2826: result: yes
configure:2856: checking for gawk
configure:2877: found /usr/bin/gawk
configure:2888: result: gawk
configure:2899: checking whether make sets $(MAKE)
configure:2922: result: yes
configure:3159: checking for gcc
configure:3180: found /usr/bin/gcc
configure:3191: result: gcc
configure:3544: checking for C compiler version
configure:3553: gcc --version >&5
gcc (GCC) 12.2.1 20221121 (Red Hat 12.2.1-4)
Copyright (C) 2022 Free Software Foundation, Inc.
This is free software; see the source for copying conditions.  There is NO
warranty; not even for MERCHANTABILITY or FITNESS FOR A PARTICULAR PURPOSE.

configure:3564: $? = 0
configure:3553: gcc -v >&5
Using built-in specs.
COLLECT_GCC=gcc
COLLECT_LTO_WRAPPER=/usr/libexec/gcc/x86_64-redhat-linux/12/lto-wrapper
OFFLOAD_TARGET_NAMES=nvptx-none
OFFLOAD_TARGET_DEFAULT=1
Target: x86_64-redhat-linux
Configured with: ../configure --enable-bootstrap --enable-languages=c,c++,fortran,objc,obj-c++,ada,go,d,lto --prefix=/usr --mandir=/usr/share/man --infodir=/usr/share/info --with-bugurl=http://bugzilla.redhat.com/bugzilla --enable-shared --enable-threads=posix --enable-checking=release --enable-multilib --with-system-zlib --enable-__cxa_atexit --disable-libunwind-exceptions --enable-gnu-unique-object --enable-linker-build-id --with-gcc-major-version-only --enable-libstdcxx-backtrace --with-linker-hash-style=gnu --enable-plugin --enable-initfini-array --with-isl=/builddir/build/BUILD/gcc-12.2.1-20221121/obj-x86_64-redhat-linux/isl-install --enable-offload-targets=nvptx-none --without-cuda-driver --enable-offload-defaulted --enable-gnu-indirect-function --enable-cet --with-tune=generic --with-arch_32=i686 --build=x86_64-redhat-linux --with-build-config=bootstrap-lto --enable-link-serialization=1
Thread model: posix
Supported LTO compression algorithms: zlib zstd
gcc version 12.2.1 20221121 (Red Hat 12.2.1-4) (GCC) 
... rest of stderr output deleted ...
configure:3564: $? = 0
configure:3553: gcc -V >&5
gcc: error: unrecognized command-line option '-V'
gcc: fatal error: no input files
compilation terminated.
configure:3564: $? = 1
configure:3553: gcc -qversion >&5
gcc: error: unrecognized command-line option '-qversion'; did you mean '--version'?
gcc: fatal error: no input files
compilation terminated.
configure:3564: $? = 1
configure:3553: gcc -version >&5
gcc: error: unrecognized command-line option '-version'
gcc: fatal error: no input files
compilation terminated.
configure:3564: $? = 1
configure:3584: checking whether the C compiler works
configure:3606: gcc    conftest.c  >&5
configure:3610: $? = 0
configure:3660: result: yes
configure:3663: checking for C compiler default output file name
configure:3665: result: a.out
configure:3671: checking for suffix of executables
configure:3678: gcc -o conftest    conftest.c  >&5
configure:3682: $? = 0
configure:3705: result: 
configure:3727: checking whether we are cross compiling
configure:3735: gcc -o conftest    conftest.c  >&5
configure:3739: $? = 0
configure:3746: ./conftest
configure:3750: $? = 0
configure:3765: result: no
configure:3770: checking for suffix of object files
configure:3793: gcc -c   conftest.c >&5
configure:3797: $? = 0
configure:3819: result: o
configure:3823: checking whether the compiler supports GNU C
configure:3843: gcc -c   conftest.c >&5
configure:3843: $? = 0
configure:3853: result: yes
configure:3864: checking whether gcc accepts -g
configure:3885: gcc -c -g  conftest.c >&5
configure:3885: $? = 0
configure:3929: result: yes
configure:3949: checking for gcc option to enable C11 features
configure:3964: gcc  -c -g -O2  conftest.c >&5
configure:3964: $? = 0
configure:3982: result: none needed
configure:4111: checking for style of include used by make
configure:4139: result: GNU
configure:4168: checking dependency style of gcc
configure:4231: result: gcc3
configure:4251: checking for strerror in -lcposix
configure:4274: gcc -o conftest -g -O2   conftest.c -lcposix   >&5
/usr/bin/ld: cannot find -lcposix: No such file or directory
collect2: error: ld returned 1 exit status
configure:4274: $? = 1
configure: failed program was:
| /* confdefs.h */
| #define PACKAGE_NAME "GNU Bison"
| #define PACKAGE_TARNAME "bison"
| #define PACKAGE_VERSION "1.875"
| #define PACKAGE_STRING "GNU Bison 1.875"
| #define PACKAGE_BUGREPORT "bug-bison@gnu.org"
| #define PACKAGE_URL "https://www.gnu.org/software/bison/"
| #define PACKAGE "bison"
| #define VERSION "1.875"
| /* end confdefs.h.  */
| 
| /* Override any GCC internal prototype to avoid an error.
|    Use char because int might match the return type of a GCC
|    builtin and then its argument prototype would still apply.  */
| char strerror ();
| int
| main (void)
| {
| return strerror ();
|   ;
|   return 0;
| }
configure:4284: result: no
configure:4297: checking for stdio.h
configure:4297: gcc -c -g -O2  conftest.c >&5
configure:4297: $? = 0
configure:4297: result: yes
configure:4297: checking for stdlib.h
configure:4297: gcc -c -g -O2  conftest.c >&5
configure:4297: $? = 0
configure:4297: result: yes
configure:4297: checking for string.h
configure:4297: gcc -c -g -O2  conftest.c >&5
configure:4297: $? = 0
configure:4297: result: yes
configure:4297: checking for inttypes.h
configure:4297: gcc -c -g -O2  conftest.c >&5
configure:4297: $? = 0
configure:4297: result: yes
configure:4297: checking for stdint.h
configure:4297: gcc -c -g -O2  conftest.c >&5
configure:4297: $? = 0
configure:4297: result: yes
configure:4297: checking for strings.h
configure:4297: gcc -c -g -O2  conftest.c >&5
configure:4297: $? = 0
configure:4297: result: yes
configure:4297: checking for sys/stat.h
configure:4297: gcc -c -g -O2  conftest.c >&5
configure:4297: $? = 0
configure:4297: result: yes
configure:4297: checking for sys/types.h
configure:4297: gcc -c -g -O2  conftest.c >&5
configure:4297: $? = 0
configure:4297: result: yes
configure:4297: checking for unistd.h
configure:4297: gcc -c -g -O2  conftest.c >&5
configure:4297: $? = 0
configure:4297: result: yes
configure:4297: checking for wchar.h
configure:4297: gcc -c -g -O2  conftest.c >&5
configure:4297: $? = 0
configure:4297: result: yes
configure:4297: checking for minix/config.h
configure:4297: gcc -c -g -O2  conftest.c >&5
conftest.c:49:10: fatal error: minix/config.h: No such file or directory
   49 | #include <minix/config.h>
      |          ^~~~~~~~~~~~~~~~
compilation terminated.
configure:4297: $? = 1
configure: failed program was:
| /* confdefs.h */
| #define PACKAGE_NAME "GNU Bison"
| #define PACKAGE_TARNAME "bison"
| #define PACKAGE_VERSION "1.875"
| #define PACKAGE_STRING "GNU Bison 1.875"
| #define PACKAGE_BUGREPORT "bug-bison@gnu.org"
| #define PACKAGE_URL "https://www.gnu.org/software/bison/"
| #define PACKAGE "bison"
| #define VERSION "1.875"
| #define HAVE_STDIO_H 1
| #define HAVE_STDLIB_H 1
| #define HAVE_STRING_H 1
| #define HAVE_INTTYPES_H 1
| #define HAVE_STDINT_H 1
| #define HAVE_STRINGS_H 1
| #define HAVE_SYS_STAT_H 1
| #define HAVE_SYS_TYPES_H 1
| #define HAVE_UNISTD_H 1
| #define HAVE_WCHAR_H 1
| /* end confdefs.h.  */
| #include <stddef.h>
| #ifdef HAVE_STDIO_H
| # include <stdio.h>
| #endif
| #ifdef HAVE_STDLIB_H
| # include <stdlib.h>
| #endif
| #ifdef HAVE_STRING_H
| # include <string.h>
| #endif
| #ifdef HAVE_INTTYPES_H
| # include <inttypes.h>
| #endif
| #ifdef HAVE_STDINT_H
| # include <stdint.h>
| #endif
| #ifdef HAVE_STRINGS_H
| # include <strings.h>
| #endif
| #ifdef HAVE_SYS_TYPES_H
| # include <sys/types.h>
| #endif
| #ifdef HAVE_SYS_STAT_H
| # include <sys/stat.h>
| #endif
| #ifdef HAVE_UNISTD_H
| # include <unistd.h>
| #endif
| #include <minix/config.h>
configure:4297: result: no
configure:4297: checking for vfork.h
configure:4297: gcc -c -g -O2  conftest.c >&5
conftest.c:49:10: fatal error: vfork.h: No such file or directory
   49 | #include <vfork.h>
      |          ^~~~~~~~~
compilation terminated.
configure:4297: $? = 1
configure: failed program was:
| /* confdefs.h */
| #define PACKAGE_NAME "GNU Bison"
| #define PACKAGE_TARNAME "bison"
| #define PACKAGE_VERSION "1.875"
| #define PACKAGE_STRING "GNU Bison 1.875"
| #define PACKAGE_BUGREPORT "bug-bison@gnu.org"
| #define PACKAGE_URL "https://www.gnu.org/software/bison/"
| #define PACKAGE "bison"
| #define VERSION "1.875"
| #define HAVE_STDIO_H 1
| #define HAVE_STDLIB_H 1
| #define HAVE_STRING_H 1
| #define HAVE_INTTYPES_H 1
| #define HAVE_STDINT_H 1
| #define HAVE_STRINGS_H 1
| #define HAVE_SYS_STAT_H 1
| #define HAVE_SYS_TYPES_H 1
| #define HAVE_UNISTD_H 1
| #define HAVE_WCHAR_H 1
| /* end confdefs.h.  */
| #include <stddef.h>
| #ifdef HAVE_STDIO_H
| # include <stdio.h>
| #endif
| #ifdef HAVE_STDLIB_H
| # include <stdlib.h>
| #endif
| #ifdef HAVE_STRING_H
| # include <string.h>
| #endif
| #ifdef HAVE_INTTYPES_H
| # include <inttypes.h>
| #endif
| #ifdef HAVE_STDINT_H
| # include <stdint.h>
| #endif
| #ifdef HAVE_STRINGS_H
| # include <strings.h>
| #endif
| #ifdef HAVE_SYS_TYPES_H
| # include <sys/types.h>
| #endif
| #ifdef HAVE_SYS_STAT_H
| # include <sys/stat.h>
| #endif
| #ifdef HAVE_UNISTD_H
| # include <unistd.h>
| #endif
| #include <vfork.h>
configure:4297: result: no
configure:4328: checking whether it is safe to define __EXTENSIONS__
configure:4347: gcc -c -g -O2  conftest.c >&5
configure:4347: $? = 0
configure:4355: result: yes
configure:4358: checking whether _XOPEN_SOURCE should be defined
configure:4380: gcc -c -g -O2  conftest.c >&5
configure:4380: $? = 0
configure:4407: result: no
configure:4468: checking for gcc option to accept ANSI C
configure:4527: gcc  -c -g -O2  conftest.c >&5
configure:4527: $? = 0
configure:4538: result: none needed
configure:4925: checking for flex
configure:4946: found /usr/bin/flex
configure:4957: result: flex
configure:5006: checking for lex output file root
configure:5019: flex conftest.l
configure:5023: $? = 0
configure:5031: result: lex.yy
configure:5046: checking for lex library
configure:5071: gcc -o conftest -g -O2   conftest.c  >&5
configure:5071: $? = 0
configure:5084: result: none needed
configure:5099: checking for library containing yywrap
configure:5129: gcc -o conftest -g -O2   conftest.c  >&5
/usr/bin/ld: /tmp/cc4zgwaJ.o: in function `main':
/mnt/data_server/kloessner/experiments/probfd/ppddl-benchmarks/probfd-generators/random/bison/conftest.c:46: undefined reference to `yywrap'
collect2: error: ld returned 1 exit status
configure:5129: $? = 1
configure: failed program was:
| /* confdefs.h */
| #define PACKAGE_NAME "GNU Bison"
| #define PACKAGE_TARNAME "bison"
| #define PACKAGE_VERSION "1.875"
| #define PACKAGE_STRING "GNU Bison 1.875"
| #define PACKAGE_BUGREPORT "bug-bison@gnu.org"
| #define PACKAGE_URL "https://www.gnu.org/software/bison/"
| #define PACKAGE "bison"
| #define VERSION "1.875"
| #define HAVE_STDIO_H 1
| #define HAVE_STDLIB_H 1
| #define HAVE_STRING_H 1
| #define HAVE_INTTYPES_H 1
| #define HAVE_STDINT_H 1
| #define HAVE_STRINGS_H 1
| #define HAVE_SYS_STAT_H 1
| #define HAVE_SYS_TYPES_H 1
| #define HAVE_UNISTD_H 1
| #define HAVE_WCHAR_H 1
| #define STDC_HEADERS 1
| #define _ALL_SOURCE 1
| #define _DARWIN_C_SOURCE 1
| #define _GNU_SOURCE 1
| #define _HPUX_ALT_XOPEN_SOCKET_API 1
| #define _NETBSD_SOURCE 1
| #define _OPENBSD_SOURCE 1
| #define _POSIX_PTHREAD_SEMANTICS 1
| #define __STDC_WANT_IEC_60559_ATTRIBS_EXT__ 1
| #define __STDC_WANT_IEC_60559_BFP_EXT__ 1
| #define __STDC_WANT_IEC_60559_DFP_EXT__ 1
| #define __STDC_WANT_IEC_60559_FUNCS_EXT__ 1
| #define __STDC_WANT_IEC_60559_TYPES_EXT__ 1
| #define __STDC_WANT_LIB_EXT2__ 1
| #define __STDC_WANT_MATH_SPEC_FUNCS__ 1
| #define _TANDEM_SOURCE 1
| #define __EXTENSIONS__ 1
| /* end confdefs.h.  */
| 
| /* Override any GCC internal prototype to avoid an error.
|    Use char because int might match the return type of a GCC
|    builtin and then its argument prototype would still apply.  */
| char yywrap ();
| int
| main (void)
| {
| return yywrap ();
|   ;
|   return 0;
| }
configure:5129: gcc -o conftest -g -O2   conftest.c -lfl   >&5
configure:5129: $? = 0
configure:5149: result: -lfl
configure:5165: checking whether yytext is a pointer
configure:5181: gcc -c -g -O2  conftest.c >&5
configure:5181: $? = 0
configure:5188: result: yes
configure:5204: checking for bison
configure:5225: found /usr/bin/bison
configure:5236: result: bison -y
configure:5296: checking for ranlib
configure:5317: found /usr/bin/ranlib
configure:5328: result: ranlib
configure:5354: checking for gm4
configure:5392: result: no
configure:5354: checking for gnum4
configure:5392: result: no
configure:5354: checking for m4
configure:5377: found /usr/bin/m4
configure:5389: result: /usr/bin/m4
configure:5401: checking whether m4 supports frozen files
configure:5414: result: yes
configure:5424: checking for grep that handles long lines and -e
configure:5488: result: /usr/bin/grep
configure:5496: checking for egrep
configure:5564: result: /usr/bin/grep -E
configure:5570: checking for ctype.h
configure:5570: gcc -c -g -O2  conftest.c >&5
configure:5570: $? = 0
configure:5570: result: yes
configure:5576: checking for locale.h
configure:5576: gcc -c -g -O2  conftest.c >&5
configure:5576: $? = 0
configure:5576: result: yes
configure:5582: checking for memory.h
configure:5582: gcc -c -g -O2  conftest.c >&5
configure:5582: $? = 0
configure:5582: result: yes
configure:5588: checking for stdlib.h
configure:5588: result: yes
configure:5594: checking for string.h
configure:5594: result: yes
configure:5600: checking for unistd.h
configure:5600: result: yes
configure:5607: checking for stdbool.h that conforms to C99
configure:5656: gcc -c -g -O2  conftest.c >&5
conftest.c:72:11: warning: variably modified 'd' at file scope
   72 |           char d[(bool) -0.5 == true ? 1 : -1];
      |           ^~~~
conftest.c:74:11: warning: variably modified 'f' at file scope
   74 |           char f[(_Bool) -0.0 == false ? 1 : -1];
      |           ^~~~
configure:5656: $? = 0
configure:5664: result: yes
configure:5673: checking for inline
configure:5690: gcc -c -g -O2  conftest.c >&5
configure:5690: $? = 0
configure:5699: result: inline
configure:5719: checking for uintptr_t
configure:5719: gcc -c -g -O2  conftest.c >&5
configure:5719: $? = 0
configure:5719: gcc -c -g -O2  conftest.c >&5
conftest.c: In function 'main':
conftest.c:78:24: error: expected expression before ')' token
   78 | if (sizeof ((uintptr_t)))
      |                        ^
configure:5719: $? = 1
configure: failed program was:
| /* confdefs.h */
| #define PACKAGE_NAME "GNU Bison"
| #define PACKAGE_TARNAME "bison"
| #define PACKAGE_VERSION "1.875"
| #define PACKAGE_STRING "GNU Bison 1.875"
| #define PACKAGE_BUGREPORT "bug-bison@gnu.org"
| #define PACKAGE_URL "https://www.gnu.org/software/bison/"
| #define PACKAGE "bison"
| #define VERSION "1.875"
| #define HAVE_STDIO_H 1
| #define HAVE_STDLIB_H 1
| #define HAVE_STRING_H 1
| #define HAVE_INTTYPES_H 1
| #define HAVE_STDINT_H 1
| #define HAVE_STRINGS_H 1
| #define HAVE_SYS_STAT_H 1
| #define HAVE_SYS_TYPES_H 1
| #define HAVE_UNISTD_H 1
| #define HAVE_WCHAR_H 1
| #define STDC_HEADERS 1
| #define _ALL_SOURCE 1
| #define _DARWIN_C_SOURCE 1
| #define _GNU_SOURCE 1
| #define _HPUX_ALT_XOPEN_SOCKET_API 1
| #define _NETBSD_SOURCE 1
| #define _OPENBSD_SOURCE 1
| #define _POSIX_PTHREAD_SEMANTICS 1
| #define __STDC_WANT_IEC_60559_ATTRIBS_EXT__ 1
| #define __STDC_WANT_IEC_60559_BFP_EXT__ 1
| #define __STDC_WANT_IEC_60559_DFP_EXT__ 1
| #define __STDC_WANT_IEC_60559_FUNCS_EXT__ 1
| #define __STDC_WANT_IEC_60559_TYPES_EXT__ 1
| #define __STDC_WANT_LIB_EXT2__ 1
| #define __STDC_WANT_MATH_SPEC_FUNCS__ 1
| #define _TANDEM_SOURCE 1
| #define __EXTENSIONS__ 1
| #define YYTEXT_POINTER 1
| #define M4 "/usr/bin/m4"
| #define HAVE_CTYPE_H 1
| #define HAVE_LOCALE_H 1
| #define HAVE_MEMORY_H 1
| #define HAVE_STDLIB_H 1
| #define HAVE_STRING_H 1
| #define HAVE_UNISTD_H 1
| #define HAVE_STDBOOL_H 1
| /* end confdefs.h.  */
| #include <stddef.h>
| #ifdef HAVE_STDIO_H
| # include <stdio.h>
| #endif
| #ifdef HAVE_STDLIB_H
| # include <stdlib.h>
| #endif
| #ifdef HAVE_STRING_H
| # include <string.h>
| #endif
| #ifdef HAVE_INTTYPES_H
| # include <inttypes.h>
| #endif
| #ifdef HAVE_STDINT_H
| # include <stdint.h>
| #endif
| #ifdef HAVE_STRINGS_H
| # include <strings.h>
| #endif
| #ifdef HAVE_SYS_TYPES_H
| # include <sys/types.h>
| #endif
| #ifdef HAVE_SYS_STAT_H
| # include <sys/stat.h>
| #endif
| #ifdef HAVE_UNISTD_H
| # include <unistd.h>
| #endif
| int
| main (void)
| {
| if (sizeof ((uintptr_t)))
| 	    return 0;
|   ;
|   return 0;
| }
configure:5719: result: yes
configure:5730: checking for size_t
configure:5730: gcc -c -g -O2  conftest.c >&5
configure:5730: $? = 0
configure:5730: gcc -c -g -O2  conftest.c >&5
conftest.c: In function 'main':
conftest.c:79:21: error: expected expression before ')' token
   79 | if (sizeof ((size_t)))
      |                     ^
configure:5730: $? = 1
configure: failed program was:
| /* confdefs.h */
| #define PACKAGE_NAME "GNU Bison"
| #define PACKAGE_TARNAME "bison"
| #define PACKAGE_VERSION "1.875"
| #define PACKAGE_STRING "GNU Bison 1.875"
| #define PACKAGE_BUGREPORT "bug-bison@gnu.org"
| #define PACKAGE_URL "https://www.gnu.org/software/bison/"
| #define PACKAGE "bison"
| #define VERSION "1.875"
| #define HAVE_STDIO_H 1
| #define HAVE_STDLIB_H 1
| #define HAVE_STRING_H 1
| #define HAVE_INTTYPES_H 1
| #define HAVE_STDINT_H 1
| #define HAVE_STRINGS_H 1
| #define HAVE_SYS_STAT_H 1
| #define HAVE_SYS_TYPES_H 1
| #define HAVE_UNISTD_H 1
| #define HAVE_WCHAR_H 1
| #define STDC_HEADERS 1
| #define _ALL_SOURCE 1
| #define _DARWIN_C_SOURCE 1
| #define _GNU_SOURCE 1
| #define _HPUX_ALT_XOPEN_SOCKET_API 1
| #define _NETBSD_SOURCE 1
| #define _OPENBSD_SOURCE 1
| #define _POSIX_PTHREAD_SEMANTICS 1
| #define __STDC_WANT_IEC_60559_ATTRIBS_EXT__ 1
| #define __STDC_WANT_IEC_60559_BFP_EXT__ 1
| #define __STDC_WANT_IEC_60559_DFP_EXT__ 1
| #define __STDC_WANT_IEC_60559_FUNCS_EXT__ 1
| #define __STDC_WANT_IEC_60559_TYPES_EXT__ 1
| #define __STDC_WANT_LIB_EXT2__ 1
| #define __STDC_WANT_MATH_SPEC_FUNCS__ 1
| #define _TANDEM_SOURCE 1
| #define __EXTENSIONS__ 1
| #define YYTEXT_POINTER 1
| #define M4 "/usr/bin/m4"
| #define HAVE_CTYPE_H 1
| #define HAVE_LOCALE_H 1
| #define HAVE_MEMORY_H 1
| #define HAVE_STDLIB_H 1
| #define HAVE_STRING_H 1
| #define HAVE_UNISTD_H 1
| #define HAVE_STDBOOL_H 1
| #define HAVE_UINTPTR_T 1
| /* end confdefs.h.  */
| #include <stddef.h>
| #ifdef HAVE_STDIO_H
| # include <stdio.h>
| #endif
| #ifdef HAVE_STDLIB_H
| # include <stdlib.h>
| #endif
| #ifdef HAVE_STRING_H
| # include <string.h>
| #endif
| #ifdef HAVE_INTTYPES_H
| # include <inttypes.h>
| #endif
| #ifdef HAVE_STDINT_H
| # include <stdint.h>
| #endif
| #ifdef HAVE_STRINGS_H
| # include <strings.h>
| #endif
| #ifdef HAVE_SYS_TYPES_H
| # include <sys/types.h>
| #endif
| #ifdef HAVE_SYS_STAT_H
| # include <sys/stat.h>
| #endif
| #ifdef HAVE_UNISTD_H
| # include <unistd.h>
| #endif
| int
| main (void)
| {
| if (sizeof ((size_t)))
| 	    return 0;
|   ;
|   return 0;
| }
configure:5730: result: yes
configure:5742: checking for working alloca.h
configure:5760: gcc -o conftest -g -O2   conftest.c  >&5
configure:5760: $? = 0
configure:5769: result: yes
configure:5777: checking for alloca
configure:5822: result: yes
configure:5889: checking for obstacks
configure:5911: gcc -o conftest -g -O2   conftest.c  >&5
configure:5911: $? = 0
configure:5920: result: yes
configure:5935: checking for error_at_line
configure:5952: gcc -o conftest -g -O2   conftest.c  >&5
configure:5952: $? = 0
configure:5961: result: yes
configure:5978: checking build system type
configure:5993: result: x86_64-unknown-linux-gnu
configure:6013: checking host system type
configure:6027: result: x86_64-unknown-linux-gnu
configure:6047: checking for working strnlen
configure:6087: gcc -o conftest -g -O2   conftest.c  >&5
configure:6087: $? = 0
configure:6087: ./conftest
configure:6087: $? = 0
configure:6098: result: yes
configure:6107: checking for setlocale
configure:6107: gcc -o conftest -g -O2   conftest.c  >&5
configure:6107: $? = 0
configure:6107: result: yes
configure:6114: checking for gcc options needed to detect all undeclared functions
configure:6136: gcc -c -g -O2   conftest.c >&5
conftest.c: In function 'main':
conftest.c:56:8: error: 'strchr' undeclared (first use in this function)
   56 | (void) strchr;
      |        ^~~~~~
conftest.c:1:1: note: 'strchr' is defined in header '<string.h>'; did you forget to '#include <string.h>'?
    1 | /* confdefs.h */
conftest.c:56:8: note: each undeclared identifier is reported only once for each function it appears in
   56 | (void) strchr;
      |        ^~~~~~
configure:6136: $? = 1
configure: failed program was:
| /* confdefs.h */
| #define PACKAGE_NAME "GNU Bison"
| #define PACKAGE_TARNAME "bison"
| #define PACKAGE_VERSION "1.875"
| #define PACKAGE_STRING "GNU Bison 1.875"
| #define PACKAGE_BUGREPORT "bug-bison@gnu.org"
| #define PACKAGE_URL "https://www.gnu.org/software/bison/"
| #define PACKAGE "bison"
| #define VERSION "1.875"
| #define HAVE_STDIO_H 1
| #define HAVE_STDLIB_H 1
| #define HAVE_STRING_H 1
| #define HAVE_INTTYPES_H 1
| #define HAVE_STDINT_H 1
| #define HAVE_STRINGS_H 1
| #define HAVE_SYS_STAT_H 1
| #define HAVE_SYS_TYPES_H 1
| #define HAVE_UNISTD_H 1
| #define HAVE_WCHAR_H 1
| #define STDC_HEADERS 1
| #define _ALL_SOURCE 1
| #define _DARWIN_C_SOURCE 1
| #define _GNU_SOURCE 1
| #define _HPUX_ALT_XOPEN_SOCKET_API 1
| #define _NETBSD_SOURCE 1
| #define _OPENBSD_SOURCE 1
| #define _POSIX_PTHREAD_SEMANTICS 1
| #define __STDC_WANT_IEC_60559_ATTRIBS_EXT__ 1
| #define __STDC_WANT_IEC_60559_BFP_EXT__ 1
| #define __STDC_WANT_IEC_60559_DFP_EXT__ 1
| #define __STDC_WANT_IEC_60559_FUNCS_EXT__ 1
| #define __STDC_WANT_IEC_60559_TYPES_EXT__ 1
| #define __STDC_WANT_LIB_EXT2__ 1
| #define __STDC_WANT_MATH_SPEC_FUNCS__ 1
| #define _TANDEM_SOURCE 1
| #define __EXTENSIONS__ 1
| #define YYTEXT_POINTER 1
| #define M4 "/usr/bin/m4"
| #define HAVE_CTYPE_H 1
| #define HAVE_LOCALE_H 1
| #define HAVE_MEMORY_H 1
| #define HAVE_STDLIB_H 1
| #define HAVE_STRING_H 1
| #define HAVE_UNISTD_H 1
| #define HAVE_STDBOOL_H 1
| #define HAVE_UINTPTR_T 1
| #define HAVE_ALLOCA_H 1
| #define HAVE_ALLOCA 1
| #define HAVE_OBSTACK 1
| #define HAVE_SETLOCALE 1
| /* end confdefs.h.  */
| 
| int
| main (void)
| {
| (void) strchr;
|   ;
|   return 0;
| }
configure:6163: gcc -c -g -O2   conftest.c >&5
configure:6163: $? = 0
configure:6180: result: none needed
configure:6194: checking whether free is declared
configure:6194: gcc -c -g -O2   conftest.c >&5
configure:6194: $? = 0
configure:6194: result: yes
configure:6202: checking whether getenv is declared
configure:6202: gcc -c -g -O2   conftest.c >&5
configure:6202: $? = 0
configure:6202: result: yes
configure:6210: checking whether getopt is declared
configure:6210: gcc -c -g -O2   conftest.c >&5
configure:6210: $? = 0
configure:6210: result: yes
configure:6218: checking whether stpcpy is declared
configure:6218: gcc -c -g -O2   conftest.c >&5
configure:6218: $? = 0
configure:6218: result: yes
configure:6226: checking whether strchr is declared
configure:6226: gcc -c -g -O2   conftest.c >&5
configure:6226: $? = 0
configure:6226: result: yes
configure:6234: checking whether strspn is declared
configure:6234: gcc -c -g -O2   conftest.c >&5
configure:6234: $? = 0
configure:6234: result: yes
configure:6242: checking whether strnlen is declared
configure:6242: gcc -c -g -O2   conftest.c >&5
configure:6242: $? = 0
configure:6242: result: yes
configure:6250: checking whether malloc is declared
configure:6250: gcc -c -g -O2   conftest.c >&5
configure:6250: $? = 0
configure:6250: result: yes
configure:6258: checking whether memchr is declared
configure:6258: gcc -c -g -O2   conftest.c >&5
configure:6258: $? = 0
configure:6258: result: yes
configure:6266: checking whether memrchr is declared
configure:6266: gcc -c -g -O2   conftest.c >&5
configure:6266: $? = 0
configure:6266: result: yes
configure:6275: checking for memchr
configure:6275: gcc -o conftest -g -O2   conftest.c  >&5
conftest.c:78:6: warning: conflicting types for built-in function 'memchr'; expected 'void *(const void *, int,  long unsigned int)' [-Wbuiltin-declaration-mismatch]
   78 | char memchr ();
      |      ^~~~~~
conftest.c:70:1: note: 'memchr' is declared in header '<string.h>'
   69 | #include <limits.h>
   70 | #undef memchr
configure:6275: $? = 0
configure:6275: result: yes
configure:6288: checking for memrchr
configure:6288: gcc -o conftest -g -O2   conftest.c  >&5
configure:6288: $? = 0
configure:6288: result: yes
configure:6301: checking for strchr
configure:6301: gcc -o conftest -g -O2   conftest.c  >&5
conftest.c:80:6: warning: conflicting types for built-in function 'strchr'; expected 'char *(const char *, int)' [-Wbuiltin-declaration-mismatch]
   80 | char strchr ();
      |      ^~~~~~
conftest.c:72:1: note: 'strchr' is declared in header '<string.h>'
   71 | #include <limits.h>
   72 | #undef strchr
configure:6301: $? = 0
configure:6301: result: yes
configure:6314: checking for stpcpy
configure:6314: gcc -o conftest -g -O2   conftest.c  >&5
conftest.c:81:6: warning: conflicting types for built-in function 'stpcpy'; expected 'char *(char *, const char *)' [-Wbuiltin-declaration-mismatch]
   81 | char stpcpy ();
      |      ^~~~~~
configure:6314: $? = 0
configure:6314: result: yes
configure:6327: checking for strrchr
configure:6327: gcc -o conftest -g -O2   conftest.c  >&5
conftest.c:82:6: warning: conflicting types for built-in function 'strrchr'; expected 'char *(const char *, int)' [-Wbuiltin-declaration-mismatch]
   82 | char strrchr ();
      |      ^~~~~~~
conftest.c:74:1: note: 'strrchr' is declared in header '<string.h>'
   73 | #include <limits.h>
   74 | #undef strrchr
configure:6327: $? = 0
configure:6327: result: yes
configure:6340: checking for strspn
configure:6340: gcc -o conftest -g -O2   conftest.c  >&5
conftest.c:83:6: warning: conflicting types for built-in function 'strspn'; expected 'long unsigned int(const char *, const char *)' [-Wbuiltin-declaration-mismatch]
   83 | char strspn ();
      |      ^~~~~~
conftest.c:75:1: note: 'strspn' is declared in header '<string.h>'
   74 | #include <limits.h>
   75 | #undef strspn
configure:6340: $? = 0
configure:6340: result: yes
configure:6353: checking for strtol
configure:6353: gcc -o conftest -g -O2   conftest.c  >&5
configure:6353: $? = 0
configure:6353: result: yes
configure:6366: checking for strtoul
configure:6366: gcc -o conftest -g -O2   conftest.c  >&5
configure:6366: $? = 0
configure:6366: result: yes
configure:6380: checking for GNU libc compatible malloc
configure:6412: gcc -o conftest -g -O2   conftest.c  >&5
configure:6412: $? = 0
configure:6412: ./conftest
configure:6412: $? = 0
configure:6423: result: yes
configure:6445: checking for GNU libc compatible realloc
configure:6477: gcc -o conftest -g -O2   conftest.c  >&5
configure:6477: $? = 0
configure:6477: ./conftest
configure:6477: $? = 0
configure:6488: result: yes
configure:6511: checking for wchar.h
configure:6511: result: yes
configure:6517: checking for wctype.h
configure:6517: gcc -c -g -O2  conftest.c >&5
configure:6517: $? = 0
configure:6517: result: yes
configure:6524: checking for isascii
configure:6524: gcc -o conftest -g -O2   conftest.c  >&5
conftest.c:90:6: warning: conflicting types for built-in function 'isascii'; expected 'int(int)' [-Wbuiltin-declaration-mismatch]
   90 | char isascii ();
      |      ^~~~~~~
configure:6524: $? = 0
configure:6524: result: yes
configure:6530: checking for iswcntrl
configure:6530: gcc -o conftest -g -O2   conftest.c  >&5
conftest.c:91:6: warning: conflicting types for built-in function 'iswcntrl'; expected 'int(unsigned int)' [-Wbuiltin-declaration-mismatch]
   91 | char iswcntrl ();
      |      ^~~~~~~~
conftest.c:83:1: note: 'iswcntrl' is declared in header '<wctype.h>'
   82 | #include <limits.h>
   83 | #undef iswcntrl
configure:6530: $? = 0
configure:6530: result: yes
configure:6536: checking for iswprint
configure:6536: gcc -o conftest -g -O2   conftest.c  >&5
conftest.c:92:6: warning: conflicting types for built-in function 'iswprint'; expected 'int(unsigned int)' [-Wbuiltin-declaration-mismatch]
   92 | char iswprint ();
      |      ^~~~~~~~
conftest.c:84:1: note: 'iswprint' is declared in header '<wctype.h>'
   83 | #include <limits.h>
   84 | #undef iswprint
configure:6536: $? = 0
configure:6536: result: yes
configure:6542: checking for mbsinit
configure:6542: gcc -o conftest -g -O2   conftest.c  >&5
configure:6542: $? = 0
configure:6542: result: yes
configure:6548: checking for wcwidth
configure:6548: gcc -o conftest -g -O2   conftest.c  >&5
configure:6548: $? = 0
configure:6548: result: yes
configure:6556: checking whether mbrtowc and mbstate_t are properly declared
configure:6573: gcc -o conftest -g -O2   conftest.c  >&5
configure:6573: $? = 0
configure:6582: result: yes
configure:6591: checking whether wcwidth is declared
configure:6620: gcc -c -g -O2  conftest.c >&5
configure:6620: $? = 0
configure:6628: result: yes
configure:6639: checking for mbstate_t
configure:6657: gcc -c -g -O2  conftest.c >&5
configure:6657: $? = 0
configure:6665: result: yes
configure:6677: checking for working memcmp
configure:6722: gcc -o conftest -g -O2   conftest.c  >&5
configure:6722: $? = 0
configure:6722: ./conftest
configure:6722: $? = 0
configure:6733: result: yes
configure:6747: checking how to run the C preprocessor
configure:6773: gcc -E  conftest.c
configure:6773: $? = 0
configure:6788: gcc -E  conftest.c
conftest.c:82:10: fatal error: ac_nonexistent.h: No such file or directory
   82 | #include <ac_nonexistent.h>
      |          ^~~~~~~~~~~~~~~~~~
compilation terminated.
configure:6788: $? = 1
configure: failed program was:
| /* confdefs.h */
| #define PACKAGE_NAME "GNU Bison"
| #define PACKAGE_TARNAME "bison"
| #define PACKAGE_VERSION "1.875"
| #define PACKAGE_STRING "GNU Bison 1.875"
| #define PACKAGE_BUGREPORT "bug-bison@gnu.org"
| #define PACKAGE_URL "https://www.gnu.org/software/bison/"
| #define PACKAGE "bison"
| #define VERSION "1.875"
| #define HAVE_STDIO_H 1
| #define HAVE_STDLIB_H 1
| #define HAVE_STRING_H 1
| #define HAVE_INTTYPES_H 1
| #define HAVE_STDINT_H 1
| #define HAVE_STRINGS_H 1
| #define HAVE_SYS_STAT_H 1
| #define HAVE_SYS_TYPES_H 1
| #define HAVE_UNISTD_H 1
| #define HAVE_WCHAR_H 1
| #define STDC_HEADERS 1
| #define _ALL_SOURCE 1
| #define _DARWIN_C_SOURCE 1
| #define _GNU_SOURCE 1
| #define _HPUX_ALT_XOPEN_SOCKET_API 1
| #define _NETBSD_SOURCE 1
| #define _OPENBSD_SOURCE 1
| #define _POSIX_PTHREAD_SEMANTICS 1
| #define __STDC_WANT_IEC_60559_ATTRIBS_EXT__ 1
| #define __STDC_WANT_IEC_60559_BFP_EXT__ 1
| #define __STDC_WANT_IEC_60559_DFP_EXT__ 1
| #define __STDC_WANT_IEC_60559_FUNCS_EXT__ 1
| #define __STDC_WANT_IEC_60559_TYPES_EXT__ 1
| #define __STDC_WANT_LIB_EXT2__ 1
| #define __STDC_WANT_MATH_SPEC_FUNCS__ 1
| #define _TANDEM_SOURCE 1
| #define __EXTENSIONS__ 1
| #define YYTEXT_POINTER 1
| #define M4 "/usr/bin/m4"
| #define HAVE_CTYPE_H 1
| #define HAVE_LOCALE_H 1
| #define HAVE_MEMORY_H 1
| #define HAVE_STDLIB_H 1
| #define HAVE_STRING_H 1
| #define HAVE_UNISTD_H 1
| #define HAVE_STDBOOL_H 1
| #define HAVE_UINTPTR_T 1
| #define HAVE_ALLOCA_H 1
| #define HAVE_ALLOCA 1
| #define HAVE_OBSTACK 1
| #define HAVE_SETLOCALE 1
| #define HAVE_DECL_FREE 1
| #define HAVE_DECL_GETENV 1
| #define HAVE_DECL_GETOPT 1
| #define HAVE_DECL_STPCPY 1
| #define HAVE_DECL_STRCHR 1
| #define HAVE_DECL_STRSPN 1
| #define HAVE_DECL_STRNLEN 1
| #define HAVE_DECL_MALLOC 1
| #define HAVE_DECL_MEMCHR 1
| #define HAVE_DECL_MEMRCHR 1
| #define HAVE_MEMCHR 1
| #define HAVE_MEMRCHR 1
| #define HAVE_STRCHR 1
| #define HAVE_STPCPY 1
| #define HAVE_STRRCHR 1
| #define HAVE_STRSPN 1
| #define HAVE_STRTOL 1
| #define HAVE_STRTOUL 1
| #define HAVE_MALLOC 1
| #define HAVE_REALLOC 1
| #define HAVE_WCHAR_H 1
| #define HAVE_WCTYPE_H 1
| #define HAVE_ISASCII 1
| #define HAVE_ISWCNTRL 1
| #define HAVE_ISWPRINT 1
| #define HAVE_MBSINIT 1
| #define HAVE_WCWIDTH 1
| #define HAVE_MBRTOWC 1
| #define HAVE_DECL_WCWIDTH 1
| #define HAVE_MBSTATE_T 1
| /* end confdefs.h.  */
| #include <ac_nonexistent.h>
configure:6815: result: gcc -E
configure:6829: gcc -E  conftest.c
configure:6829: $? = 0
configure:6844: gcc -E  conftest.c
conftest.c:82:10: fatal error: ac_nonexistent.h: No such file or directory
   82 | #include <ac_nonexistent.h>
      |          ^~~~~~~~~~~~~~~~~~
compilation terminated.
configure:6844: $? = 1
configure: failed program was:
| /* confdefs.h */
| #define PACKAGE_NAME "GNU Bison"
| #define PACKAGE_TARNAME "bison"
| #define PACKAGE_VERSION "1.875"
| #define PACKAGE_STRING "GNU Bison 1.875"
| #define PACKAGE_BUGREPORT "bug-bison@gnu.org"
| #define PACKAGE_URL "https://www.gnu.org/software/bison/"
| #define PACKAGE "bison"
| #define VERSION "1.875"
| #define HAVE_STDIO_H 1
| #define HAVE_STDLIB_H 1
| #define HAVE_STRING_H 1
| #define HAVE_INTTYPES_H 1
| #define HAVE_STDINT_H 1
| #define HAVE_STRINGS_H 1
| #define HAVE_SYS_STAT_H 1
| #define HAVE_SYS_TYPES_H 1
| #define HAVE_UNISTD_H 1
| #define HAVE_WCHAR_H 1
| #define STDC_HEADERS 1
| #define _ALL_SOURCE 1
| #define _DARWIN_C_SOURCE 1
| #define _GNU_SOURCE 1
| #define _HPUX_ALT_XOPEN_SOCKET_API 1
| #define _NETBSD_SOURCE 1
| #define _OPENBSD_SOURCE 1
| #define _POSIX_PTHREAD_SEMANTICS 1
| #define __STDC_WANT_IEC_60559_ATTRIBS_EXT__ 1
| #define __STDC_WANT_IEC_60559_BFP_EXT__ 1
| #define __STDC_WANT_IEC_60559_DFP_EXT__ 1
| #define __STDC_WANT_IEC_60559_FUNCS_EXT__ 1
| #define __STDC_WANT_IEC_60559_TYPES_EXT__ 1
| #define __STDC_WANT_LIB_EXT2__ 1
| #define __STDC_WANT_MATH_SPEC_FUNCS__ 1
| #define _TANDEM_SOURCE 1
| #define __EXTENSIONS__ 1
| #define YYTEXT_POINTER 1
| #define M4 "/usr/bin/m4"
| #define HAVE_CTYPE_H 1
| #define HAVE_LOCALE_H 1
| #define HAVE_MEMORY_H 1
| #define HAVE_STDLIB_H 1
| #define HAVE_STRING_H 1
| #define HAVE_UNISTD_H 1
| #define HAVE_STDBOOL_H 1
| #define HAVE_UINTPTR_T 1
| #define HAVE_ALLOCA_H 1
| #define HAVE_ALLOCA 1
| #define HAVE_OBSTACK 1
| #define HAVE_SETLOCALE 1
| #define HAVE_DECL_FREE 1
| #define HAVE_DECL_GETENV 1
| #define HAVE_DECL_GETOPT 1
| #define HAVE_DECL_STPCPY 1
| #define HAVE_DECL_STRCHR 1
| #define HAVE_DECL_STRSPN 1
| #define HAVE_DECL_STRNLEN 1
| #define HAVE_DECL_MALLOC 1
| #define HAVE_DECL_MEMCHR 1
| #define HAVE_DECL_MEMRCHR 1
| #define HAVE_MEMCHR 1
| #define HAVE_MEMRCHR 1
| #define HAVE_STRCHR 1
| #define HAVE_STPCPY 1
| #define HAVE_STRRCHR 1
| #define HAVE_STRSPN 1
| #define HAVE_STRTOL 1
| #define HAVE_STRTOUL 1
| #define HAVE_MALLOC 1
| #define HAVE_REALLOC 1
| #define HAVE_WCHAR_H 1
| #define HAVE_WCTYPE_H 1
| #define HAVE_ISASCII 1
| #define HAVE_ISWCNTRL 1
| #define HAVE_ISWPRINT 1
| #define HAVE_MBSINIT 1
| #define HAVE_WCWIDTH 1
| #define HAVE_MBRTOWC 1
| #define HAVE_DECL_WCWIDTH 1
| #define HAVE_MBSTATE_T 1
| /* end confdefs.h.  */
| #include <ac_nonexistent.h>
configure:6875: checking for isascii
configure:6875: result: yes
configure:6881: checking for iswprint
configure:6881: result: yes
configure:6889: checking whether mbrtowc and mbstate_t are properly declared
configure:6915: result: yes
configure:6929: checking for limits.h
configure:6929: gcc -c -g -O2  conftest.c >&5
configure:6929: $? = 0
configure:6929: result: yes
configure:6935: checking for stddef.h
configure:6935: gcc -c -g -O2  conftest.c >&5
configure:6935: $? = 0
configure:6935: result: yes
configure:6941: checking for stdlib.h
configure:6941: result: yes
configure:6947: checking for string.h
configure:6947: result: yes
configure:6953: checking for wchar.h
configure:6953: result: yes
configure:6959: checking for wctype.h
configure:6959: result: yes
configure:6969: checking for egrep
configure:7037: result: /usr/bin/grep -E
configure:7044: checking whether backslash-a works in strings
configure:7068: gcc -c -g -O2  conftest.c >&5
configure:7068: $? = 0
configure:7076: result: yes
configure:7084: checking for mbstate_t
configure:7110: result: yes
configure:7123: checking for function prototypes
configure:7126: result: yes
configure:7141: checking for egrep
configure:7209: result: /usr/bin/grep -E
configure:7215: checking for string.h
configure:7215: result: yes
configure:7226: checking for strcasecmp
configure:7226: gcc -o conftest -g -O2   conftest.c  >&5
conftest.c:111:6: warning: conflicting types for built-in function 'strcasecmp'; expected 'int(const char *, const char *)' [-Wbuiltin-declaration-mismatch]
  111 | char strcasecmp ();
      |      ^~~~~~~~~~
configure:7226: $? = 0
configure:7226: result: yes
configure:7239: checking for strncasecmp
configure:7239: gcc -o conftest -g -O2   conftest.c  >&5
conftest.c:112:6: warning: conflicting types for built-in function 'strncasecmp'; expected 'int(const char *, const char *, long unsigned int)' [-Wbuiltin-declaration-mismatch]
  112 | char strncasecmp ();
      |      ^~~~~~~~~~~
configure:7239: $? = 0
configure:7239: result: yes
configure:7264: checking whether strerror_r is declared
configure:7264: gcc -c -g -O2   conftest.c >&5
configure:7264: $? = 0
configure:7264: result: yes
configure:7274: checking for strerror
configure:7274: gcc -o conftest -g -O2   conftest.c  >&5
configure:7274: $? = 0
configure:7274: result: yes
configure:7280: checking for vprintf
configure:7280: gcc -o conftest -g -O2   conftest.c  >&5
conftest.c:115:6: warning: conflicting types for built-in function 'vprintf'; expected 'int(const char *, __va_list_tag *)' [-Wbuiltin-declaration-mismatch]
  115 | char vprintf ();
      |      ^~~~~~~
conftest.c:107:1: note: 'vprintf' is declared in header '<stdio.h>'
  106 | #include <limits.h>
  107 | #undef vprintf
configure:7280: $? = 0
configure:7280: result: yes
configure:7286: checking for doprnt
configure:7286: gcc -o conftest -g -O2   conftest.c  >&5
/usr/bin/ld: /tmp/cc7zUUkf.o: in function `main':
/mnt/data_server/kloessner/experiments/probfd/ppddl-benchmarks/probfd-generators/random/bison/conftest.c:127: undefined reference to `doprnt'
collect2: error: ld returned 1 exit status
configure:7286: $? = 1
configure: failed program was:
| /* confdefs.h */
| #define PACKAGE_NAME "GNU Bison"
| #define PACKAGE_TARNAME "bison"
| #define PACKAGE_VERSION "1.875"
| #define PACKAGE_STRING "GNU Bison 1.875"
| #define PACKAGE_BUGREPORT "bug-bison@gnu.org"
| #define PACKAGE_URL "https://www.gnu.org/software/bison/"
| #define PACKAGE "bison"
| #define VERSION "1.875"
| #define HAVE_STDIO_H 1
| #define HAVE_STDLIB_H 1
| #define HAVE_STRING_H 1
| #define HAVE_INTTYPES_H 1
| #define HAVE_STDINT_H 1
| #define HAVE_STRINGS_H 1
| #define HAVE_SYS_STAT_H 1
| #define HAVE_SYS_TYPES_H 1
| #define HAVE_UNISTD_H 1
| #define HAVE_WCHAR_H 1
| #define STDC_HEADERS 1
| #define _ALL_SOURCE 1
| #define _DARWIN_C_SOURCE 1
| #define _GNU_SOURCE 1
| #define _HPUX_ALT_XOPEN_SOCKET_API 1
| #define _NETBSD_SOURCE 1
| #define _OPENBSD_SOURCE 1
| #define _POSIX_PTHREAD_SEMANTICS 1
| #define __STDC_WANT_IEC_60559_ATTRIBS_EXT__ 1
| #define __STDC_WANT_IEC_60559_BFP_EXT__ 1
| #define __STDC_WANT_IEC_60559_DFP_EXT__ 1
| #define __STDC_WANT_IEC_60559_FUNCS_EXT__ 1
| #define __STDC_WANT_IEC_60559_TYPES_EXT__ 1
| #define __STDC_WANT_LIB_EXT2__ 1
| #define __STDC_WANT_MATH_SPEC_FUNCS__ 1
| #define _TANDEM_SOURCE 1
| #define __EXTENSIONS__ 1
| #define YYTEXT_POINTER 1
| #define M4 "/usr/bin/m4"
| #define HAVE_CTYPE_H 1
| #define HAVE_LOCALE_H 1
| #define HAVE_MEMORY_H 1
| #define HAVE_STDLIB_H 1
| #define HAVE_STRING_H 1
| #define HAVE_UNISTD_H 1
| #define HAVE_STDBOOL_H 1
| #define HAVE_UINTPTR_T 1
| #define HAVE_ALLOCA_H 1
| #define HAVE_ALLOCA 1
| #define HAVE_OBSTACK 1
| #define HAVE_SETLOCALE 1
| #define HAVE_DECL_FREE 1
| #define HAVE_DECL_GETENV 1
| #define HAVE_DECL_GETOPT 1
| #define HAVE_DECL_STPCPY 1
| #define HAVE_DECL_STRCHR 1
| #define HAVE_DECL_STRSPN 1
| #define HAVE_DECL_STRNLEN 1
| #define HAVE_DECL_MALLOC 1
| #define HAVE_DECL_MEMCHR 1
| #define HAVE_DECL_MEMRCHR 1
| #define HAVE_MEMCHR 1
| #define HAVE_MEMRCHR 1
| #define HAVE_STRCHR 1
| #define HAVE_STPCPY 1
| #define HAVE_STRRCHR 1
| #define HAVE_STRSPN 1
| #define HAVE_STRTOL 1
| #define HAVE_STRTOUL 1
| #define HAVE_MALLOC 1
| #define HAVE_REALLOC 1
| #define HAVE_WCHAR_H 1
| #define HAVE_WCTYPE_H 1
| #define HAVE_ISASCII 1
| #define HAVE_ISWCNTRL 1
| #define HAVE_ISWPRINT 1
| #define HAVE_MBSINIT 1
| #define HAVE_WCWIDTH 1
| #define HAVE_MBRTOWC 1
| #define HAVE_DECL_WCWIDTH 1
| #define HAVE_MBSTATE_T 1
| #define HAVE_ISASCII 1
| #define HAVE_ISWPRINT 1
| #define HAVE_MBRTOWC 1
| #define HAVE_LIMITS_H 1
| #define HAVE_STDDEF_H 1
| #define HAVE_STDLIB_H 1
| #define HAVE_STRING_H 1
| #define HAVE_WCHAR_H 1
| #define HAVE_WCTYPE_H 1
| #define HAVE_C_BACKSLASH_A 1
| #define HAVE_MBSTATE_T 1
| #define PROTOTYPES 1
| #define HAVE_STRING_H 1
| #define HAVE_STRCASECMP 1
| #define HAVE_STRNCASECMP 1
| #define HAVE_DECL_STRERROR_R 1
| #define HAVE_STRERROR 1
| #define HAVE_VPRINTF 1
| /* end confdefs.h.  */
| /* Define doprnt to an innocuous variant, in case <limits.h> declares doprnt.
|    For example, HP-UX 11i <limits.h> declares gettimeofday.  */
| #define doprnt innocuous_doprnt
| 
| /* System header to define __stub macros and hopefully few prototypes,
|    which can conflict with char doprnt (); below.  */
| 
| #include <limits.h>
| #undef doprnt
| 
| /* Override any GCC internal prototype to avoid an error.
|    Use char because int might match the return type of a GCC
|    builtin and then its argument prototype would still apply.  */
| #ifdef __cplusplus
| extern "C"
| #endif
| char doprnt ();
| /* The GNU C library defines this for functions which it implements
|     to always fail with ENOSYS.  Some functions are actually named
|     something starting with __ and the normal name is an alias.  */
| #if defined __stub_doprnt || defined __stub___doprnt
| choke me
| #endif
| 
| int
| main (void)
| {
| return doprnt ();
|   ;
|   return 0;
| }
configure:7286: result: no
configure:7293: checking whether strerror is declared
configure:7293: gcc -c -g -O2   conftest.c >&5
configure:7293: $? = 0
configure:7293: result: yes
configure:7312: checking whether strerror_r returns char *
configure:7337: gcc -c -g -O2  conftest.c >&5
configure:7337: $? = 0
configure:7346: result: yes
configure:7357: checking for egrep
configure:7425: result: /usr/bin/grep -E
configure:7432: checking if malloc debugging is wanted
configure:7451: result: no
configure:7461: checking for fork
configure:7461: gcc -o conftest -g -O2   conftest.c  >&5
conftest.c:119:6: warning: conflicting types for built-in function 'fork'; expected 'int(void)' [-Wbuiltin-declaration-mismatch]
  119 | char fork ();
      |      ^~~~
configure:7461: $? = 0
configure:7461: result: yes
configure:7461: checking for vfork
configure:7461: gcc -o conftest -g -O2   conftest.c  >&5
configure:7461: $? = 0
configure:7461: result: yes
configure:7473: checking for pid_t
configure:7473: gcc -c -g -O2  conftest.c >&5
configure:7473: $? = 0
configure:7473: gcc -c -g -O2  conftest.c >&5
conftest.c: In function 'main':
conftest.c:137:20: error: expected expression before ')' token
  137 | if (sizeof ((pid_t)))
      |                    ^
configure:7473: $? = 1
configure: failed program was:
| /* confdefs.h */
| #define PACKAGE_NAME "GNU Bison"
| #define PACKAGE_TARNAME "bison"
| #define PACKAGE_VERSION "1.875"
| #define PACKAGE_STRING "GNU Bison 1.875"
| #define PACKAGE_BUGREPORT "bug-bison@gnu.org"
| #define PACKAGE_URL "https://www.gnu.org/software/bison/"
| #define PACKAGE "bison"
| #define VERSION "1.875"
| #define HAVE_STDIO_H 1
| #define HAVE_STDLIB_H 1
| #define HAVE_STRING_H 1
| #define HAVE_INTTYPES_H 1
| #define HAVE_STDINT_H 1
| #define HAVE_STRINGS_H 1
| #define HAVE_SYS_STAT_H 1
| #define HAVE_SYS_TYPES_H 1
| #define HAVE_UNISTD_H 1
| #define HAVE_WCHAR_H 1
| #define STDC_HEADERS 1
| #define _ALL_SOURCE 1
| #define _DARWIN_C_SOURCE 1
| #define _GNU_SOURCE 1
| #define _HPUX_ALT_XOPEN_SOCKET_API 1
| #define _NETBSD_SOURCE 1
| #define _OPENBSD_SOURCE 1
| #define _POSIX_PTHREAD_SEMANTICS 1
| #define __STDC_WANT_IEC_60559_ATTRIBS_EXT__ 1
| #define __STDC_WANT_IEC_60559_BFP_EXT__ 1
| #define __STDC_WANT_IEC_60559_DFP_EXT__ 1
| #define __STDC_WANT_IEC_60559_FUNCS_EXT__ 1
| #define __STDC_WANT_IEC_60559_TYPES_EXT__ 1
| #define __STDC_WANT_LIB_EXT2__ 1
| #define __STDC_WANT_MATH_SPEC_FUNCS__ 1
| #define _TANDEM_SOURCE 1
| #define __EXTENSIONS__ 1
| #define YYTEXT_POINTER 1
| #define M4 "/usr/bin/m4"
| #define HAVE_CTYPE_H 1
| #define HAVE_LOCALE_H 1
| #define HAVE_MEMORY_H 1
| #define HAVE_STDLIB_H 1
| #define HAVE_STRING_H 1
| #define HAVE_UNISTD_H 1
| #define HAVE_STDBOOL_H 1
| #define HAVE_UINTPTR_T 1
| #define HAVE_ALLOCA_H 1
| #define HAVE_ALLOCA 1
| #define HAVE_OBSTACK 1
| #define HAVE_SETLOCALE 1
| #define HAVE_DECL_FREE 1
| #define HAVE_DECL_GETENV 1
| #define HAVE_DECL_GETOPT 1
| #define HAVE_DECL_STPCPY 1
| #define HAVE_DECL_STRCHR 1
| #define HAVE_DECL_STRSPN 1
| #define HAVE_DECL_STRNLEN 1
| #define HAVE_DECL_MALLOC 1
| #define HAVE_DECL_MEMCHR 1
| #define HAVE_DECL_MEMRCHR 1
| #define HAVE_MEMCHR 1
| #define HAVE_MEMRCHR 1
| #define HAVE_STRCHR 1
| #define HAVE_STPCPY 1
| #define HAVE_STRRCHR 1
| #define HAVE_STRSPN 1
| #define HAVE_STRTOL 1
| #define HAVE_STRTOUL 1
| #define HAVE_MALLOC 1
| #define HAVE_REALLOC 1
| #define HAVE_WCHAR_H 1
| #define HAVE_WCTYPE_H 1
| #define HAVE_ISASCII 1
| #define HAVE_ISWCNTRL 1
| #define HAVE_ISWPRINT 1
| #define HAVE_MBSINIT 1
| #define HAVE_WCWIDTH 1
| #define HAVE_MBRTOWC 1
| #define HAVE_DECL_WCWIDTH 1
| #define HAVE_MBSTATE_T 1
| #define HAVE_ISASCII 1
| #define HAVE_ISWPRINT 1
| #define HAVE_MBRTOWC 1
| #define HAVE_LIMITS_H 1
| #define HAVE_STDDEF_H 1
| #define HAVE_STDLIB_H 1
| #define HAVE_STRING_H 1
| #define HAVE_WCHAR_H 1
| #define HAVE_WCTYPE_H 1
| #define HAVE_C_BACKSLASH_A 1
| #define HAVE_MBSTATE_T 1
| #define PROTOTYPES 1
| #define HAVE_STRING_H 1
| #define HAVE_STRCASECMP 1
| #define HAVE_STRNCASECMP 1
| #define HAVE_DECL_STRERROR_R 1
| #define HAVE_STRERROR 1
| #define HAVE_VPRINTF 1
| #define HAVE_DECL_STRERROR 1
| #define HAVE_STRERROR_R 1
| #define STRERROR_R_CHAR_P 1
| #define HAVE_FORK 1
| #define HAVE_VFORK 1
| /* end confdefs.h.  */
| #include <stddef.h>
| #ifdef HAVE_STDIO_H
| # include <stdio.h>
| #endif
| #ifdef HAVE_STDLIB_H
| # include <stdlib.h>
| #endif
| #ifdef HAVE_STRING_H
| # include <string.h>
| #endif
| #ifdef HAVE_INTTYPES_H
| # include <inttypes.h>
| #endif
| #ifdef HAVE_STDINT_H
| # include <stdint.h>
| #endif
| #ifdef HAVE_STRINGS_H
| # include <strings.h>
| #endif
| #ifdef HAVE_SYS_TYPES_H
| # include <sys/types.h>
| #endif
| #ifdef HAVE_SYS_STAT_H
| # include <sys/stat.h>
| #endif
| #ifdef HAVE_UNISTD_H
| # include <unistd.h>
| #endif
| 
| int
| main (void)
| {
| if (sizeof ((pid_t)))
| 	    return 0;
|   ;
|   return 0;
| }
configure:7473: result: yes
configure:7509: checking for fcntl.h
configure:7509: gcc -c -g -O2  conftest.c >&5
configure:7509: $? = 0
configure:7509: result: yes
configure:7515: checking for sys/wait.h
configure:7515: gcc -c -g -O2  conftest.c >&5
configure:7515: $? = 0
configure:7515: result: yes
configure:7522: checking for sys/wait.h that is POSIX.1 compatible
configure:7557: result: yes
configure:7565: checking for dup2
configure:7565: gcc -o conftest -g -O2   conftest.c  >&5
configure:7565: $? = 0
configure:7565: result: yes
configure:7571: checking for waitpid
configure:7571: gcc -o conftest -g -O2   conftest.c  >&5
configure:7571: $? = 0
configure:7571: result: yes
configure:7581: checking for working fork
configure:7605: gcc -o conftest -g -O2   conftest.c  >&5
configure:7605: $? = 0
configure:7605: ./conftest
configure:7605: $? = 0
configure:7616: result: yes
configure:7637: checking for working vfork
configure:7766: result: yes
configure:7792: checking for sys/resource.h
configure:7792: gcc -c -g -O2  conftest.c >&5
configure:7792: $? = 0
configure:7792: result: yes
configure:7798: checking for sys/time.h
configure:7798: gcc -c -g -O2  conftest.c >&5
configure:7798: $? = 0
configure:7798: result: yes
configure:7804: checking for sys/times.h
configure:7804: gcc -c -g -O2  conftest.c >&5
configure:7804: $? = 0
configure:7804: result: yes
configure:7812: checking for times
configure:7812: gcc -o conftest -g -O2   conftest.c  >&5
configure:7812: $? = 0
configure:7812: result: yes
configure:7820: checking whether getrusage is declared
configure:7820: gcc -c -g -O2   conftest.c >&5
configure:7820: $? = 0
configure:7820: result: yes
configure:7839: checking whether times is declared
configure:7839: gcc -c -g -O2   conftest.c >&5
configure:7839: $? = 0
configure:7839: result: yes
configure:7858: checking whether clock is declared
configure:7858: gcc -c -g -O2   conftest.c >&5
conftest.c: In function 'main':
conftest.c:164:10: error: 'clock' undeclared (first use in this function)
  164 |   (void) clock;
      |          ^~~~~
conftest.c:154:1: note: 'clock' is defined in header '<time.h>'; did you forget to '#include <time.h>'?
  153 | # include <sys/resource.h>
  154 | #endif
conftest.c:164:10: note: each undeclared identifier is reported only once for each function it appears in
  164 |   (void) clock;
      |          ^~~~~
configure:7858: $? = 1
configure: failed program was:
| /* confdefs.h */
| #define PACKAGE_NAME "GNU Bison"
| #define PACKAGE_TARNAME "bison"
| #define PACKAGE_VERSION "1.875"
| #define PACKAGE_STRING "GNU Bison 1.875"
| #define PACKAGE_BUGREPORT "bug-bison@gnu.org"
| #define PACKAGE_URL "https://www.gnu.org/software/bison/"
| #define PACKAGE "bison"
| #define VERSION "1.875"
| #define HAVE_STDIO_H 1
| #define HAVE_STDLIB_H 1
| #define HAVE_STRING_H 1
| #define HAVE_INTTYPES_H 1
| #define HAVE_STDINT_H 1
| #define HAVE_STRINGS_H 1
| #define HAVE_SYS_STAT_H 1
| #define HAVE_SYS_TYPES_H 1
| #define HAVE_UNISTD_H 1
| #define HAVE_WCHAR_H 1
| #define STDC_HEADERS 1
| #define _ALL_SOURCE 1
| #define _DARWIN_C_SOURCE 1
| #define _GNU_SOURCE 1
| #define _HPUX_ALT_XOPEN_SOCKET_API 1
| #define _NETBSD_SOURCE 1
| #define _OPENBSD_SOURCE 1
| #define _POSIX_PTHREAD_SEMANTICS 1
| #define __STDC_WANT_IEC_60559_ATTRIBS_EXT__ 1
| #define __STDC_WANT_IEC_60559_BFP_EXT__ 1
| #define __STDC_WANT_IEC_60559_DFP_EXT__ 1
| #define __STDC_WANT_IEC_60559_FUNCS_EXT__ 1
| #define __STDC_WANT_IEC_60559_TYPES_EXT__ 1
| #define __STDC_WANT_LIB_EXT2__ 1
| #define __STDC_WANT_MATH_SPEC_FUNCS__ 1
| #define _TANDEM_SOURCE 1
| #define __EXTENSIONS__ 1
| #define YYTEXT_POINTER 1
| #define M4 "/usr/bin/m4"
| #define HAVE_CTYPE_H 1
| #define HAVE_LOCALE_H 1
| #define HAVE_MEMORY_H 1
| #define HAVE_STDLIB_H 1
| #define HAVE_STRING_H 1
| #define HAVE_UNISTD_H 1
| #define HAVE_STDBOOL_H 1
| #define HAVE_UINTPTR_T 1
| #define HAVE_ALLOCA_H 1
| #define HAVE_ALLOCA 1
| #define HAVE_OBSTACK 1
| #define HAVE_SETLOCALE 1
| #define HAVE_DECL_FREE 1
| #define HAVE_DECL_GETENV 1
| #define HAVE_DECL_GETOPT 1
| #define HAVE_DECL_STPCPY 1
| #define HAVE_DECL_STRCHR 1
| #define HAVE_DECL_STRSPN 1
| #define HAVE_DECL_STRNLEN 1
| #define HAVE_DECL_MALLOC 1
| #define HAVE_DECL_MEMCHR 1
| #define HAVE_DECL_MEMRCHR 1
| #define HAVE_MEMCHR 1
| #define HAVE_MEMRCHR 1
| #define HAVE_STRCHR 1
| #define HAVE_STPCPY 1
| #define HAVE_STRRCHR 1
| #define HAVE_STRSPN 1
| #define HAVE_STRTOL 1
| #define HAVE_STRTOUL 1
| #define HAVE_MALLOC 1
| #define HAVE_REALLOC 1
| #define HAVE_WCHAR_H 1
| #define HAVE_WCTYPE_H 1
| #define HAVE_ISASCII 1
| #define HAVE_ISWCNTRL 1
| #define HAVE_ISWPRINT 1
| #define HAVE_MBSINIT 1
| #define HAVE_WCWIDTH 1
| #define HAVE_MBRTOWC 1
| #define HAVE_DECL_WCWIDTH 1
| #define HAVE_MBSTATE_T 1
| #define HAVE_ISASCII 1
| #define HAVE_ISWPRINT 1
| #define HAVE_MBRTOWC 1
| #define HAVE_LIMITS_H 1
| #define HAVE_STDDEF_H 1
| #define HAVE_STDLIB_H 1
| #define HAVE_STRING_H 1
| #define HAVE_WCHAR_H 1
| #define HAVE_WCTYPE_H 1
| #define HAVE_C_BACKSLASH_A 1
| #define HAVE_MBSTATE_T 1
| #define PROTOTYPES 1
| #define HAVE_STRING_H 1
| #define HAVE_STRCASECMP 1
| #define HAVE_STRNCASECMP 1
| #define HAVE_DECL_STRERROR_R 1
| #define HAVE_STRERROR 1
| #define HAVE_VPRINTF 1
| #define HAVE_DECL_STRERROR 1
| #define HAVE_STRERROR_R 1
| #define STRERROR_R_CHAR_P 1
| #define HAVE_FORK 1
| #define HAVE_VFORK 1
| #define HAVE_FCNTL_H 1
| #define HAVE_SYS_WAIT_H 1
| #define HAVE_SYS_WAIT_H 1
| #define HAVE_DUP2 1
| #define HAVE_WAITPID 1
| #define HAVE_WORKING_VFORK 1
| #define HAVE_WORKING_FORK 1
| #define HAVE_SYS_RESOURCE_H 1
| #define HAVE_SYS_TIME_H 1
| #define HAVE_SYS_TIMES_H 1
| #define HAVE_TIMES 1
| #define HAVE_DECL_GETRUSAGE 1
| #define HAVE_DECL_TIMES 1
| /* end confdefs.h.  */
| #include <stddef.h>
| #ifdef HAVE_STDIO_H
| # include <stdio.h>
| #endif
| #ifdef HAVE_STDLIB_H
| # include <stdlib.h>
| #endif
| #ifdef HAVE_STRING_H
| # include <string.h>
| #endif
| #ifdef HAVE_INTTYPES_H
| # include <inttypes.h>
| #endif
| #ifdef HAVE_STDINT_H
| # include <stdint.h>
| #endif
| #ifdef HAVE_STRINGS_H
| # include <strings.h>
| #endif
| #ifdef HAVE_SYS_TYPES_H
| # include <sys/types.h>
| #endif
| #ifdef HAVE_SYS_STAT_H
| # include <sys/stat.h>
| #endif
| #ifdef HAVE_UNISTD_H
| # include <unistd.h>
| #endif
| #if HAVE_SYS_TIME_H
| # include <sys/time.h>
| #endif
| #if HAVE_SYS_TIMES_H
| # include <sys/times.h>
| #endif
| #if HAVE_SYS_RESOURCE_H
| # include <sys/resource.h>
| #endif
| 
| 
| int
| main (void)
| {
| #ifndef clock
| #ifdef __cplusplus
|   (void) clock;
| #else
|   (void) clock;
| #endif
| #endif
| 
|   ;
|   return 0;
| }
configure:7858: result: no
configure:7877: checking whether sysconf is declared
configure:7877: gcc -c -g -O2   conftest.c >&5
configure:7877: $? = 0
configure:7877: result: yes
configure:7898: checking for clock_t
configure:7898: gcc -c -g -O2  conftest.c >&5
configure:7898: $? = 0
configure:7898: gcc -c -g -O2  conftest.c >&5
conftest.c: In function 'main':
conftest.c:162:22: error: expected expression before ')' token
  162 | if (sizeof ((clock_t)))
      |                      ^
configure:7898: $? = 1
configure: failed program was:
| /* confdefs.h */
| #define PACKAGE_NAME "GNU Bison"
| #define PACKAGE_TARNAME "bison"
| #define PACKAGE_VERSION "1.875"
| #define PACKAGE_STRING "GNU Bison 1.875"
| #define PACKAGE_BUGREPORT "bug-bison@gnu.org"
| #define PACKAGE_URL "https://www.gnu.org/software/bison/"
| #define PACKAGE "bison"
| #define VERSION "1.875"
| #define HAVE_STDIO_H 1
| #define HAVE_STDLIB_H 1
| #define HAVE_STRING_H 1
| #define HAVE_INTTYPES_H 1
| #define HAVE_STDINT_H 1
| #define HAVE_STRINGS_H 1
| #define HAVE_SYS_STAT_H 1
| #define HAVE_SYS_TYPES_H 1
| #define HAVE_UNISTD_H 1
| #define HAVE_WCHAR_H 1
| #define STDC_HEADERS 1
| #define _ALL_SOURCE 1
| #define _DARWIN_C_SOURCE 1
| #define _GNU_SOURCE 1
| #define _HPUX_ALT_XOPEN_SOCKET_API 1
| #define _NETBSD_SOURCE 1
| #define _OPENBSD_SOURCE 1
| #define _POSIX_PTHREAD_SEMANTICS 1
| #define __STDC_WANT_IEC_60559_ATTRIBS_EXT__ 1
| #define __STDC_WANT_IEC_60559_BFP_EXT__ 1
| #define __STDC_WANT_IEC_60559_DFP_EXT__ 1
| #define __STDC_WANT_IEC_60559_FUNCS_EXT__ 1
| #define __STDC_WANT_IEC_60559_TYPES_EXT__ 1
| #define __STDC_WANT_LIB_EXT2__ 1
| #define __STDC_WANT_MATH_SPEC_FUNCS__ 1
| #define _TANDEM_SOURCE 1
| #define __EXTENSIONS__ 1
| #define YYTEXT_POINTER 1
| #define M4 "/usr/bin/m4"
| #define HAVE_CTYPE_H 1
| #define HAVE_LOCALE_H 1
| #define HAVE_MEMORY_H 1
| #define HAVE_STDLIB_H 1
| #define HAVE_STRING_H 1
| #define HAVE_UNISTD_H 1
| #define HAVE_STDBOOL_H 1
| #define HAVE_UINTPTR_T 1
| #define HAVE_ALLOCA_H 1
| #define HAVE_ALLOCA 1
| #define HAVE_OBSTACK 1
| #define HAVE_SETLOCALE 1
| #define HAVE_DECL_FREE 1
| #define HAVE_DECL_GETENV 1
| #define HAVE_DECL_GETOPT 1
| #define HAVE_DECL_STPCPY 1
| #define HAVE_DECL_STRCHR 1
| #define HAVE_DECL_STRSPN 1
| #define HAVE_DECL_STRNLEN 1
| #define HAVE_DECL_MALLOC 1
| #define HAVE_DECL_MEMCHR 1
| #define HAVE_DECL_MEMRCHR 1
| #define HAVE_MEMCHR 1
| #define HAVE_MEMRCHR 1
| #define HAVE_STRCHR 1
| #define HAVE_STPCPY 1
| #define HAVE_STRRCHR 1
| #define HAVE_STRSPN 1
| #define HAVE_STRTOL 1
| #define HAVE_STRTOUL 1
| #define HAVE_MALLOC 1
| #define HAVE_REALLOC 1
| #define HAVE_WCHAR_H 1
| #define HAVE_WCTYPE_H 1
| #define HAVE_ISASCII 1
| #define HAVE_ISWCNTRL 1
| #define HAVE_ISWPRINT 1
| #define HAVE_MBSINIT 1
| #define HAVE_WCWIDTH 1
| #define HAVE_MBRTOWC 1
| #define HAVE_DECL_WCWIDTH 1
| #define HAVE_MBSTATE_T 1
| #define HAVE_ISASCII 1
| #define HAVE_ISWPRINT 1
| #define HAVE_MBRTOWC 1
| #define HAVE_LIMITS_H 1
| #define HAVE_STDDEF_H 1
| #define HAVE_STDLIB_H 1
| #define HAVE_STRING_H 1
| #define HAVE_WCHAR_H 1
| #define HAVE_WCTYPE_H 1
| #define HAVE_C_BACKSLASH_A 1
| #define HAVE_MBSTATE_T 1
| #define PROTOTYPES 1
| #define HAVE_STRING_H 1
| #define HAVE_STRCASECMP 1
| #define HAVE_STRNCASECMP 1
| #define HAVE_DECL_STRERROR_R 1
| #define HAVE_STRERROR 1
| #define HAVE_VPRINTF 1
| #define HAVE_DECL_STRERROR 1
| #define HAVE_STRERROR_R 1
| #define STRERROR_R_CHAR_P 1
| #define HAVE_FORK 1
| #define HAVE_VFORK 1
| #define HAVE_FCNTL_H 1
| #define HAVE_SYS_WAIT_H 1
| #define HAVE_SYS_WAIT_H 1
| #define HAVE_DUP2 1
| #define HAVE_WAITPID 1
| #define HAVE_WORKING_VFORK 1
| #define HAVE_WORKING_FORK 1
| #define HAVE_SYS_RESOURCE_H 1
| #define HAVE_SYS_TIME_H 1
| #define HAVE_SYS_TIMES_H 1
| #define HAVE_TIMES 1
| #define HAVE_DECL_GETRUSAGE 1
| #define HAVE_DECL_TIMES 1
| #define HAVE_DECL_CLOCK 0
| #define HAVE_DECL_SYSCONF 1
| /* end confdefs.h.  */
| #include <stddef.h>
| #ifdef HAVE_STDIO_H
| # include <stdio.h>
| #endif
| #ifdef HAVE_STDLIB_H
| # include <stdlib.h>
| #endif
| #ifdef HAVE_STRING_H
| # include <string.h>
| #endif
| #ifdef HAVE_INTTYPES_H
| # include <inttypes.h>
| #endif
| #ifdef HAVE_STDINT_H
| # include <stdint.h>
| #endif
| #ifdef HAVE_STRINGS_H
| # include <strings.h>
| #endif
| #ifdef HAVE_SYS_TYPES_H
| # include <sys/types.h>
| #endif
| #ifdef HAVE_SYS_STAT_H
| # include <sys/stat.h>
| #endif
| #ifdef HAVE_UNISTD_H
| # include <unistd.h>
| #endif
| #if HAVE_SYS_TIME_H
| # include <sys/time.h>
| #endif
| #if HAVE_SYS_TIMES_H
| # include <sys/times.h>
| #endif
| #if HAVE_SYS_RESOURCE_H
| # include <sys/resource.h>
| #endif
| 
| 
| int
| main (void)
| {
| if (sizeof ((clock_t)))
| 	    return 0;
|   ;
|   return 0;
| }
configure:7898: result: yes
configure:7917: checking for struct tms
configure:7917: gcc -c -g -O2  conftest.c >&5
configure:7917: $? = 0
configure:7917: gcc -c -g -O2  conftest.c >&5
conftest.c: In function 'main':
conftest.c:163:25: error: expected expression before ')' token
  163 | if (sizeof ((struct tms)))
      |                         ^
configure:7917: $? = 1
configure: failed program was:
| /* confdefs.h */
| #define PACKAGE_NAME "GNU Bison"
| #define PACKAGE_TARNAME "bison"
| #define PACKAGE_VERSION "1.875"
| #define PACKAGE_STRING "GNU Bison 1.875"
| #define PACKAGE_BUGREPORT "bug-bison@gnu.org"
| #define PACKAGE_URL "https://www.gnu.org/software/bison/"
| #define PACKAGE "bison"
| #define VERSION "1.875"
| #define HAVE_STDIO_H 1
| #define HAVE_STDLIB_H 1
| #define HAVE_STRING_H 1
| #define HAVE_INTTYPES_H 1
| #define HAVE_STDINT_H 1
| #define HAVE_STRINGS_H 1
| #define HAVE_SYS_STAT_H 1
| #define HAVE_SYS_TYPES_H 1
| #define HAVE_UNISTD_H 1
| #define HAVE_WCHAR_H 1
| #define STDC_HEADERS 1
| #define _ALL_SOURCE 1
| #define _DARWIN_C_SOURCE 1
| #define _GNU_SOURCE 1
| #define _HPUX_ALT_XOPEN_SOCKET_API 1
| #define _NETBSD_SOURCE 1
| #define _OPENBSD_SOURCE 1
| #define _POSIX_PTHREAD_SEMANTICS 1
| #define __STDC_WANT_IEC_60559_ATTRIBS_EXT__ 1
| #define __STDC_WANT_IEC_60559_BFP_EXT__ 1
| #define __STDC_WANT_IEC_60559_DFP_EXT__ 1
| #define __STDC_WANT_IEC_60559_FUNCS_EXT__ 1
| #define __STDC_WANT_IEC_60559_TYPES_EXT__ 1
| #define __STDC_WANT_LIB_EXT2__ 1
| #define __STDC_WANT_MATH_SPEC_FUNCS__ 1
| #define _TANDEM_SOURCE 1
| #define __EXTENSIONS__ 1
| #define YYTEXT_POINTER 1
| #define M4 "/usr/bin/m4"
| #define HAVE_CTYPE_H 1
| #define HAVE_LOCALE_H 1
| #define HAVE_MEMORY_H 1
| #define HAVE_STDLIB_H 1
| #define HAVE_STRING_H 1
| #define HAVE_UNISTD_H 1
| #define HAVE_STDBOOL_H 1
| #define HAVE_UINTPTR_T 1
| #define HAVE_ALLOCA_H 1
| #define HAVE_ALLOCA 1
| #define HAVE_OBSTACK 1
| #define HAVE_SETLOCALE 1
| #define HAVE_DECL_FREE 1
| #define HAVE_DECL_GETENV 1
| #define HAVE_DECL_GETOPT 1
| #define HAVE_DECL_STPCPY 1
| #define HAVE_DECL_STRCHR 1
| #define HAVE_DECL_STRSPN 1
| #define HAVE_DECL_STRNLEN 1
| #define HAVE_DECL_MALLOC 1
| #define HAVE_DECL_MEMCHR 1
| #define HAVE_DECL_MEMRCHR 1
| #define HAVE_MEMCHR 1
| #define HAVE_MEMRCHR 1
| #define HAVE_STRCHR 1
| #define HAVE_STPCPY 1
| #define HAVE_STRRCHR 1
| #define HAVE_STRSPN 1
| #define HAVE_STRTOL 1
| #define HAVE_STRTOUL 1
| #define HAVE_MALLOC 1
| #define HAVE_REALLOC 1
| #define HAVE_WCHAR_H 1
| #define HAVE_WCTYPE_H 1
| #define HAVE_ISASCII 1
| #define HAVE_ISWCNTRL 1
| #define HAVE_ISWPRINT 1
| #define HAVE_MBSINIT 1
| #define HAVE_WCWIDTH 1
| #define HAVE_MBRTOWC 1
| #define HAVE_DECL_WCWIDTH 1
| #define HAVE_MBSTATE_T 1
| #define HAVE_ISASCII 1
| #define HAVE_ISWPRINT 1
| #define HAVE_MBRTOWC 1
| #define HAVE_LIMITS_H 1
| #define HAVE_STDDEF_H 1
| #define HAVE_STDLIB_H 1
| #define HAVE_STRING_H 1
| #define HAVE_WCHAR_H 1
| #define HAVE_WCTYPE_H 1
| #define HAVE_C_BACKSLASH_A 1
| #define HAVE_MBSTATE_T 1
| #define PROTOTYPES 1
| #define HAVE_STRING_H 1
| #define HAVE_STRCASECMP 1
| #define HAVE_STRNCASECMP 1
| #define HAVE_DECL_STRERROR_R 1
| #define HAVE_STRERROR 1
| #define HAVE_VPRINTF 1
| #define HAVE_DECL_STRERROR 1
| #define HAVE_STRERROR_R 1
| #define STRERROR_R_CHAR_P 1
| #define HAVE_FORK 1
| #define HAVE_VFORK 1
| #define HAVE_FCNTL_H 1
| #define HAVE_SYS_WAIT_H 1
| #define HAVE_SYS_WAIT_H 1
| #define HAVE_DUP2 1
| #define HAVE_WAITPID 1
| #define HAVE_WORKING_VFORK 1
| #define HAVE_WORKING_FORK 1
| #define HAVE_SYS_RESOURCE_H 1
| #define HAVE_SYS_TIME_H 1
| #define HAVE_SYS_TIMES_H 1
| #define HAVE_TIMES 1
| #define HAVE_DECL_GETRUSAGE 1
| #define HAVE_DECL_TIMES 1
| #define HAVE_DECL_CLOCK 0
| #define HAVE_DECL_SYSCONF 1
| #define HAVE_CLOCK_T 1
| /* end confdefs.h.  */
| #include <stddef.h>
| #ifdef HAVE_STDIO_H
| # include <stdio.h>
| #endif
| #ifdef HAVE_STDLIB_H
| # include <stdlib.h>
| #endif
| #ifdef HAVE_STRING_H
| # include <string.h>
| #endif
| #ifdef HAVE_INTTYPES_H
| # include <inttypes.h>
| #endif
| #ifdef HAVE_STDINT_H
| # include <stdint.h>
| #endif
| #ifdef HAVE_STRINGS_H
| # include <strings.h>
| #endif
| #ifdef HAVE_SYS_TYPES_H
| # include <sys/types.h>
| #endif
| #ifdef HAVE_SYS_STAT_H
| # include <sys/stat.h>
| #endif
| #ifdef HAVE_UNISTD_H
| # include <unistd.h>
| #endif
| #if HAVE_SYS_TIME_H
| # include <sys/time.h>
| #endif
| #if HAVE_SYS_TIMES_H
| # include <sys/times.h>
| #endif
| #if HAVE_SYS_RESOURCE_H
| # include <sys/resource.h>
| #endif
| 
| 
| int
| main (void)
| {
| if (sizeof ((struct tms)))
| 	    return 0;
|   ;
|   return 0;
| }
configure:7917: result: yes
configure:7955: checking for msgfmt
configure:7987: result: no
configure:7993: checking for gmsgfmt
configure:8029: result: :
configure:8040: checking for xgettext
configure:8072: result: no
configure:8080: checking for msgmerge
configure:8111: result: no
configure:8171: checking for ld used by GCC
configure:8235: result: /usr/bin/ld
configure:8242: checking if the linker (/usr/bin/ld) is GNU ld
GNU ld version 2.38-25.fc37
configure:8255: result: yes
configure:8262: checking for shared library run path origin
configure:8276: result: done
configure:8695: checking whether NLS is requested
configure:8705: result: yes
configure:8722: checking for GNU gettext in libc
configure:8742: gcc -o conftest -g -O2   conftest.c  >&5
conftest.c: In function 'main':
conftest.c:129:8: warning: cast from pointer to integer of different size [-Wpointer-to-int-cast]
  129 | return (int) gettext ("") + (int) ngettext ("", "", 0) + _nl_msg_cat_cntr + *_nl_domain_bindings
      |        ^
conftest.c:129:29: warning: cast from pointer to integer of different size [-Wpointer-to-int-cast]
  129 | return (int) gettext ("") + (int) ngettext ("", "", 0) + _nl_msg_cat_cntr + *_nl_domain_bindings
      |                             ^
configure:8742: $? = 0
configure:8751: result: yes
configure:9403: checking for valgrind
configure:9424: found /usr/bin/valgrind
configure:9435: result: valgrind
configure:9450: checking for g++
configure:9471: found /usr/bin/g++
configure:9482: result: g++
configure:9616: creating ./config.status

## ---------------- ##
## Cache variables. ##
## ---------------- ##

ac_cv_build=x86_64-unknown-linux-gnu
ac_cv_c_backslash_a=yes
ac_cv_c_compiler_gnu=yes
ac_cv_c_inline=inline
ac_cv_c_undeclared_builtin_options='none needed'
ac_cv_env_CC_set=
ac_cv_env_CC_value=
ac_cv_env_CFLAGS_set=
ac_cv_env_CFLAGS_value=
ac_cv_env_CPPFLAGS_set=
ac_cv_env_CPPFLAGS_value=
ac_cv_env_CPP_set=
ac_cv_env_CPP_value=
ac_cv_env_LDFLAGS_set=
ac_cv_env_LDFLAGS_value=
ac_cv_env_LIBS_set=
ac_cv_env_LIBS_value=
ac_cv_env_YACC_set=
ac_cv_env_YACC_value=
ac_cv_env_YFLAGS_set=
ac_cv_env_YFLAGS_value=
ac_cv_env_build_alias_set=
ac_cv_env_build_alias_value=
ac_cv_env_host_alias_set=
ac_cv_env_host_alias_value=
ac_cv_env_target_alias_set=
ac_cv_env_target_alias_value=
ac_cv_func_alloca_works=yes
ac_cv_func_doprnt=no
ac_cv_func_dup2=yes
ac_cv_func_fork=yes
ac_cv_func_fork_works=yes
ac_cv_func_isascii=yes
ac_cv_func_iswcntrl=yes
ac_cv_func_iswprint=yes
ac_cv_func_malloc_0_nonnull=yes
ac_cv_func_mbsinit=yes
ac_cv_func_memchr=yes
ac_cv_func_memcmp_working=yes
ac_cv_func_memrchr=yes
ac_cv_func_obstack=yes
ac_cv_func_realloc_0_nonnull=yes
ac_cv_func_setlocale=yes
ac_cv_func_stpcpy=yes
ac_cv_func_strcasecmp=yes
ac_cv_func_strchr=yes
ac_cv_func_strerror=yes
ac_cv_func_strerror_r_char_p=yes
ac_cv_func_strncasecmp=yes
ac_cv_func_strnlen_working=yes
ac_cv_func_strrchr=yes
ac_cv_func_strspn=yes
ac_cv_func_strtol=yes
ac_cv_func_strtoul=yes
ac_cv_func_times=yes
ac_cv_func_vfork=yes
ac_cv_func_vfork_works=yes
ac_cv_func_vprintf=yes
ac_cv_func_waitpid=yes
ac_cv_func_wcwidth=yes
ac_cv_have_decl_clock=no
ac_cv_have_decl_free=yes
ac_cv_have_decl_getenv=yes
ac_cv_have_decl_getopt=yes
ac_cv_have_decl_getrusage=yes
ac_cv_have_decl_malloc=yes
ac_cv_have_decl_memchr=yes
ac_cv_have_decl_memrchr=yes
ac_cv_have_decl_stpcpy=yes
ac_cv_have_decl_strchr=yes
ac_cv_have_decl_strerror=yes
ac_cv_have_decl_strerror_r=yes
ac_cv_have_decl_strnlen=yes
ac_cv_have_decl_strspn=yes
ac_cv_have_decl_sysconf=yes
ac_cv_have_decl_times=yes
ac_cv_have_decl_wcwidth=yes
ac_cv_header_ctype_h=yes
ac_cv_header_fcntl_h=yes
ac_cv_header_inttypes_h=yes
ac_cv_header_limits_h=yes
ac_cv_header_locale_h=yes
ac_cv_header_memory_h=yes
ac_cv_header_minix_config_h=no
ac_cv_header_stdbool_h=yes
ac_cv_header_stddef_h=yes
ac_cv_header_stdint_h=yes
ac_cv_header_stdio_h=yes
ac_cv_header_stdlib_h=yes
ac_cv_header_string_h=yes
ac_cv_header_strings_h=yes
ac_cv_header_sys_resource_h=yes
ac_cv_header_sys_stat_h=yes
ac_cv_header_sys_time_h=yes
ac_cv_header_sys_times_h=yes
ac_cv_header_sys_types_h=yes
ac_cv_header_sys_wait_h=yes
ac_cv_header_unistd_h=yes
ac_cv_header_vfork_h=no
ac_cv_header_wchar_h=yes
ac_cv_header_wctype_h=yes
ac_cv_host=x86_64-unknown-linux-gnu
ac_cv_lib_cposix_strerror=no
ac_cv_lib_error_at_line=yes
ac_cv_lib_lex='none needed'
ac_cv_objext=o
ac_cv_path_EGREP='/usr/bin/grep -E'
ac_cv_path_GMSGFMT=:
ac_cv_path_GREP=/usr/bin/grep
ac_cv_path_M4=/usr/bin/m4
ac_cv_path_MSGFMT=:
ac_cv_path_MSGMERGE=:
ac_cv_path_XGETTEXT=:
ac_cv_path_install='/usr/bin/install -c'
ac_cv_prog_AWK=gawk
ac_cv_prog_CPP='gcc -E'
ac_cv_prog_GXX=g++
ac_cv_prog_LEX=flex
ac_cv_prog_VALGRIND=valgrind
ac_cv_prog_YACC='bison -y'
ac_cv_prog_ac_ct_CC=gcc
ac_cv_prog_ac_ct_RANLIB=ranlib
ac_cv_prog_cc_c11=
ac_cv_prog_cc_g=yes
ac_cv_prog_cc_stdc=
ac_cv_prog_gnu_m4=yes
ac_cv_prog_lex_root=lex.yy
ac_cv_prog_lex_yytext_pointer=yes
ac_cv_prog_make_make_set=yes
ac_cv_safe_to_define___extensions__=yes
ac_cv_search_yywrap=-lfl
ac_cv_should_define__xopen_source=no
ac_cv_type_clock_t=yes
ac_cv_type_mbstate_t=yes
ac_cv_type_pid_t=yes
ac_cv_type_size_t=yes
ac_cv_type_struct_tms=yes
ac_cv_type_uintptr_t=yes
ac_cv_working_alloca_h=yes
acl_cv_hardcode_direct=no
acl_cv_hardcode_libdir_flag_spec='${wl}-rpath ${wl}$libdir'
acl_cv_hardcode_libdir_separator=
acl_cv_hardcode_minus_L=no
acl_cv_libext=a
acl_cv_path_LD=/usr/bin/ld
acl_cv_prog_gnu_ld=yes
acl_cv_rpath=done
acl_cv_shlibext=so
acl_cv_sys_lib_dlsearch_path_spec='/lib /usr/lib'
acl_cv_sys_lib_search_path_spec='/lib /usr/lib /usr/local/lib'
acl_cv_wl=-Wl,
am_cv_CC_dependencies_compiler_type=gcc3
am_cv_prog_cc_stdc=
gt_cv_func_gnugettext2_libc=yes
jm_cv_func_mbrtowc=yes

## ----------------- ##
## Output variables. ##
## ----------------- ##

ACLOCAL='${SHELL} /mnt/data_server/kloessner/experiments/probfd/ppddl-benchmarks/probfd-generators/random/bison/config/missing --run aclocal-1.7'
ALLOCA=''
AMDEPBACKSLASH='\'
AMDEP_FALSE='#'
AMDEP_TRUE=''
AMTAR='${SHELL} /mnt/data_server/kloessner/experiments/probfd/ppddl-benchmarks/probfd-generators/random/bison/config/missing --run tar'
ANSI2KNR=''
AUTOCONF='${SHELL} /mnt/data_server/kloessner/experiments/probfd/ppddl-benchmarks/probfd-generators/random/bison/config/missing --run autoconf'
AUTOHEADER='${SHELL} /mnt/data_server/kloessner/experiments/probfd/ppddl-benchmarks/probfd-generators/random/bison/config/missing --run autoheader'
AUTOM4TE='${SHELL} /mnt/data_server/kloessner/experiments/probfd/ppddl-benchmarks/probfd-generators/random/bison/config/missing --run autom4te'
AUTOMAKE='${SHELL} /mnt/data_server/kloessner/experiments/probfd/ppddl-benchmarks/probfd-generators/random/bison/config/missing --run automake-1.7'
AWK='gawk'
CC='gcc'
CCDEPMODE='depmode=gcc3'
CFLAGS='-g -O2'
CPP='gcc -E'
CPPFLAGS=''
CYGPATH_W='echo'
DEFS='-DHAVE_CONFIG_H'
DEPDIR='.deps'
ECHO_C=''
ECHO_N='-n'
ECHO_T=''
EGREP='/usr/bin/grep -E'
EXEEXT=''
GCC='yes'
GMSGFMT=':'
GREP='/usr/bin/grep'
GXX='g++'
INSTALL_DATA='${INSTALL} -m 644'
INSTALL_PROGRAM='${INSTALL}'
INSTALL_SCRIPT='${INSTALL}'
INSTALL_STRIP_PROGRAM='${SHELL} $(install_sh) -c -s'
INTLLIBS=''
LDFLAGS=''
LEX='flex'
LEXLIB='-lfl '
LEX_OUTPUT_ROOT='lex.yy'
LIBICONV='-liconv'
LIBINTL=''
LIBOBJS=' ${LIBOBJDIR}argmatch$U.o'
LIBS=''
LTLIBICONV='-liconv'
LTLIBINTL=''
LTLIBOBJS=' ${LIBOBJDIR}argmatch$U.lo'
M4='/usr/bin/m4'
MAKEINFO='${SHELL} /mnt/data_server/kloessner/experiments/probfd/ppddl-benchmarks/probfd-generators/random/bison/config/missing --run makeinfo'
MKINSTALLDIRS='./config//mkinstalldirs'
MSGFMT=':'
MSGMERGE=':'
O0CFLAGS='-g -O2'
OBJEXT='o'
PACKAGE='bison'
PACKAGE_BUGREPORT='bug-bison@gnu.org'
PACKAGE_NAME='GNU Bison'
PACKAGE_STRING='GNU Bison 1.875'
PACKAGE_TARNAME='bison'
PACKAGE_URL='https://www.gnu.org/software/bison/'
PACKAGE_VERSION='1.875'
PATH_SEPARATOR=':'
POSUB='po'
RANLIB='ranlib'
SET_MAKE=''
SHELL='/bin/sh'
STRIP=''
U=''
USE_NLS='yes'
VALGRIND='valgrind'
VERSION='1.875'
WARNING_CFLAGS=''
WERROR_CFLAGS=''
XGETTEXT=':'
YACC='bison -y'
YFLAGS=''
ac_ct_CC='gcc'
am__fastdepCC_FALSE='#'
am__fastdepCC_TRUE=''
am__include='include'
am__quote=''
bindir='${exec_prefix}/bin'
build='x86_64-unknown-linux-gnu'
build_alias=''
build_cpu='x86_64'
build_os='linux-gnu'
build_vendor='unknown'
datadir='${datarootdir}'
datarootdir='${prefix}/share'
docdir='${datarootdir}/doc/${PACKAGE_TARNAME}'
dvidir='${docdir}'
exec_prefix='${prefix}'
host='x86_64-unknown-linux-gnu'
host_alias=''
host_cpu='x86_64'
host_os='linux-gnu'
host_vendor='unknown'
htmldir='${docdir}'
includedir='${prefix}/include'
infodir='${datarootdir}/info'
install_sh='/mnt/data_server/kloessner/experiments/probfd/ppddl-benchmarks/probfd-generators/random/bison/config/install-sh'
libdir='${exec_prefix}/lib'
libexecdir='${exec_prefix}/libexec'
localedir='${datarootdir}/locale'
localstatedir='${prefix}/var'
mandir='${datarootdir}/man'
oldincludedir='/usr/include'
pdfdir='${docdir}'
prefix='/mnt/data_server/kloessner/experiments/probfd/ppddl-benchmarks/probfd-generators/random/bison-install'
program_transform_name='s,x,x,'
psdir='${docdir}'
runstatedir='${localstatedir}/run'
sbindir='${exec_prefix}/sbin'
sharedstatedir='${prefix}/com'
sysconfdir='${prefix}/etc'
target_alias=''

## ----------- ##
## confdefs.h. ##
## ----------- ##

/* confdefs.h */
#define PACKAGE_NAME "GNU Bison"
#define PACKAGE_TARNAME "bison"
#define PACKAGE_VERSION "1.875"
#define PACKAGE_STRING "GNU Bison 1.875"
#define PACKAGE_BUGREPORT "bug-bison@gnu.org"
#define PACKAGE_URL "https://www.gnu.org/software/bison/"
#define PACKAGE "bison"
#define VERSION "1.875"
#define HAVE_STDIO_H 1
#define HAVE_STDLIB_H 1
#define HAVE_STRING_H 1
#define HAVE_INTTYPES_H 1
#define HAVE_STDINT_H 1
#define HAVE_STRINGS_H 1
#define HAVE_SYS_STAT_H 1
#define HAVE_SYS_TYPES_H 1
#define HAVE_UNISTD_H 1
#define HAVE_WCHAR_H 1
#define STDC_HEADERS 1
#define _ALL_SOURCE 1
#define _DARWIN_C_SOURCE 1
#define _GNU_SOURCE 1
#define _HPUX_ALT_XOPEN_SOCKET_API 1
#define _NETBSD_SOURCE 1
#define _OPENBSD_SOURCE 1
#define _POSIX_PTHREAD_SEMANTICS 1
#define __STDC_WANT_IEC_60559_ATTRIBS_EXT__ 1
#define __STDC_WANT_IEC_60559_BFP_EXT__ 1
#define __STDC_WANT_IEC_60559_DFP_EXT__ 1
#define __STDC_WANT_IEC_60559_FUNCS_EXT__ 1
#define __STDC_WANT_IEC_60559_TYPES_EXT__ 1
#define __STDC_WANT_LIB_EXT2__ 1
#define __STDC_WANT_MATH_SPEC_FUNCS__ 1
#define _TANDEM_SOURCE 1
#define __EXTENSIONS__ 1
#define YYTEXT_POINTER 1
#define M4 "/usr/bin/m4"
#define HAVE_CTYPE_H 1
#define HAVE_LOCALE_H 1
#define HAVE_MEMORY_H 1
#define HAVE_STDLIB_H 1
#define HAVE_STRING_H 1
#define HAVE_UNISTD_H 1
#define HAVE_STDBOOL_H 1
#define HAVE_UINTPTR_T 1
#define HAVE_ALLOCA_H 1
#define HAVE_ALLOCA 1
#define HAVE_OBSTACK 1
#define HAVE_SETLOCALE 1
#define HAVE_DECL_FREE 1
#define HAVE_DECL_GETENV 1
#define HAVE_DECL_GETOPT 1
#define HAVE_DECL_STPCPY 1
#define HAVE_DECL_STRCHR 1
#define HAVE_DECL_STRSPN 1
#define HAVE_DECL_STRNLEN 1
#define HAVE_DECL_MALLOC 1
#define HAVE_DECL_MEMCHR 1
#define HAVE_DECL_MEMRCHR 1
#define HAVE_MEMCHR 1
#define HAVE_MEMRCHR 1
#define HAVE_STRCHR 1
#define HAVE_STPCPY 1
#define HAVE_STRRCHR 1
#define HAVE_STRSPN 1
#define HAVE_STRTOL 1
#define HAVE_STRTOUL 1
#define HAVE_MALLOC 1
#define HAVE_REALLOC 1
#define HAVE_WCHAR_H 1
#define HAVE_WCTYPE_H 1
#define HAVE_ISASCII 1
#define HAVE_ISWCNTRL 1
#define HAVE_ISWPRINT 1
#define HAVE_MBSINIT 1
#define HAVE_WCWIDTH 1
#define HAVE_MBRTOWC 1
#define HAVE_DECL_WCWIDTH 1
#define HAVE_MBSTATE_T 1
#define HAVE_ISASCII 1
#define HAVE_ISWPRINT 1
#define HAVE_MBRTOWC 1
#define HAVE_LIMITS_H 1
#define HAVE_STDDEF_H 1
#define HAVE_STDLIB_H 1
#define HAVE_STRING_H 1
#define HAVE_WCHAR_H 1
#define HAVE_WCTYPE_H 1
#define HAVE_C_BACKSLASH_A 1
#define HAVE_MBSTATE_T 1
#define PROTOTYPES 1
#define HAVE_STRING_H 1
#define HAVE_STRCASECMP 1
#define HAVE_STRNCASECMP 1
#define HAVE_DECL_STRERROR_R 1
#define HAVE_STRERROR 1
#define HAVE_VPRINTF 1
#define HAVE_DECL_STRERROR 1
#define HAVE_STRERROR_R 1
#define STRERROR_R_CHAR_P 1
#define HAVE_FORK 1
#define HAVE_VFORK 1
#define HAVE_FCNTL_H 1
#define HAVE_SYS_WAIT_H 1
#define HAVE_SYS_WAIT_H 1
#define HAVE_DUP2 1
#define HAVE_WAITPID 1
#define HAVE_WORKING_VFORK 1
#define HAVE_WORKING_FORK 1
#define HAVE_SYS_RESOURCE_H 1
#define HAVE_SYS_TIME_H 1
#define HAVE_SYS_TIMES_H 1
#define HAVE_TIMES 1
#define HAVE_DECL_GETRUSAGE 1
#define HAVE_DECL_TIMES 1
#define HAVE_DECL_CLOCK 0
#define HAVE_DECL_SYSCONF 1
#define HAVE_CLOCK_T 1
#define HAVE_STRUCT_TMS 1
#define ENABLE_NLS 1
#define HAVE_GETTEXT 1
#define HAVE_DCGETTEXT 1

configure: exit 0

## ---------------------- ##
## Running config.status. ##
## ---------------------- ##

This file was extended by GNU Bison config.status 1.875, which was
generated by GNU Autoconf 2.71.  Invocation command line was

  CONFIG_FILES    = 
  CONFIG_HEADERS  = 
  CONFIG_LINKS    = 
  CONFIG_COMMANDS = 
  $ ./config.status Makefile

on lemmy.cs.uni-saarland.de

config.status:996: creating Makefile
config.status:1099: WARNING:  'Makefile.in' seems to ignore the --datarootdir setting

## ---------------------- ##
## Running config.status. ##
## ---------------------- ##

This file was extended by GNU Bison config.status 1.875, which was
generated by GNU Autoconf 2.71.  Invocation command line was

  CONFIG_FILES    = 
  CONFIG_HEADERS  = 
  CONFIG_LINKS    = 
  CONFIG_COMMANDS = 
  $ ./config.status config.h

on lemmy.cs.uni-saarland.de

config.status:996: creating config.h

## ---------------------- ##
## Running config.status. ##
## ---------------------- ##

This file was extended by GNU Bison config.status 1.875, which was
generated by GNU Autoconf 2.71.  Invocation command line was

  CONFIG_FILES    = 
  CONFIG_HEADERS  = 
  CONFIG_LINKS    = 
  CONFIG_COMMANDS = 
  $ ./config.status config/Makefile

on lemmy.cs.uni-saarland.de

config.status:996: creating config/Makefile
config.status:1099: WARNING:  'config/Makefile.in' seems to ignore the --datarootdir setting

## ---------------------- ##
## Running config.status. ##
## ---------------------- ##

This file was extended by GNU Bison config.status 1.875, which was
generated by GNU Autoconf 2.71.  Invocation command line was

  CONFIG_FILES    = po/Makefile.in
  CONFIG_HEADERS  = 
  CONFIG_LINKS    = 
  CONFIG_COMMANDS = 
  $ ./config.status 

on lemmy.cs.uni-saarland.de

config.status:996: creating po/Makefile.in
config.status:1099: WARNING:  'po/Makefile.in.in' seems to ignore the --datarootdir setting
config.status:1209: executing depfiles commands
config.status:1209: executing default-1 commands
config.status:1209: executing tests/atconfig commands
