This file contains any messages produced by compilers while
running configure, to aid debugging if configure makes a mistake.

It was created by configure, which was
generated by GNU Autoconf 2.71.  Invocation command line was

  $ ./configure --prefix=/mnt/data_server/kloessner/experiments/probfd/ppddl-benchmarks/probfd-generators/random/flex-install

## --------- ##
## Platform. ##
## --------- ##

hostname = lemmy.cs.uni-saarland.de
uname -m = x86_64
uname -r = 6.1.11-200.fc37.x86_64
uname -s = Linux
uname -v = #1 SMP PREEMPT_DYNAMIC Thu Feb  9 19:20:24 UTC 2023

/usr/bin/uname -p = x86_64
/bin/uname -X     = unknown

/bin/arch              = x86_64
/usr/bin/arch -k       = unknown
/usr/convex/getsysinfo = unknown
/usr/bin/hostinfo      = unknown
/bin/machine           = unknown
/usr/bin/oslevel       = unknown
/bin/universe          = unknown

PATH: /opt/sge/bin/
PATH: /opt/sge/bin/lx-amd64/
PATH: /home/kloessner/.vscode-server/bin/b7886d7461186a5eac768481578c1d7ca80e2d21/bin/remote-cli/
PATH: /opt/sge/bin/
PATH: /opt/sge/bin/lx-amd64/
PATH: /opt/sge/bin/
PATH: /opt/sge/bin/lx-amd64/
PATH: /usr/local/bin/
PATH: /usr/bin/
PATH: /usr/local/sbin/
PATH: /usr/sbin/
PATH: /mnt/data_server/kloessner/scripts/
PATH: /mnt/data_server/kloessner/scripts/
PATH: /mnt/data_server/kloessner/scripts/


## ----------- ##
## Core tests. ##
## ----------- ##

configure:2274: looking for aux files: install-sh
configure:2287:  trying ./
configure:2301:   ./install.sh found
configure:2430: checking whether ln -s works
configure:2434: result: yes
configure:2445: checking for bison
configure:2466: found /usr/bin/bison
configure:2477: result: bison -y
configure:2551: checking for gcc
configure:2572: found /usr/bin/gcc
configure:2583: result: gcc
configure:2936: checking for C compiler version
configure:2945: gcc --version >&5
gcc (GCC) 12.2.1 20221121 (Red Hat 12.2.1-4)
Copyright (C) 2022 Free Software Foundation, Inc.
This is free software; see the source for copying conditions.  There is NO
warranty; not even for MERCHANTABILITY or FITNESS FOR A PARTICULAR PURPOSE.

configure:2956: $? = 0
configure:2945: gcc -v >&5
Using built-in specs.
COLLECT_GCC=gcc
COLLECT_LTO_WRAPPER=/usr/libexec/gcc/x86_64-redhat-linux/12/lto-wrapper
OFFLOAD_TARGET_NAMES=nvptx-none
OFFLOAD_TARGET_DEFAULT=1
Target: x86_64-redhat-linux
Configured with: ../configure --enable-bootstrap --enable-languages=c,c++,fortran,objc,obj-c++,ada,go,d,lto --prefix=/usr --mandir=/usr/share/man --infodir=/usr/share/info --with-bugurl=http://bugzilla.redhat.com/bugzilla --enable-shared --enable-threads=posix --enable-checking=release --enable-multilib --with-system-zlib --enable-__cxa_atexit --disable-libunwind-exceptions --enable-gnu-unique-object --enable-linker-build-id --with-gcc-major-version-only --enable-libstdcxx-backtrace --with-linker-hash-style=gnu --enable-plugin --enable-initfini-array --with-isl=/builddir/build/BUILD/gcc-12.2.1-20221121/obj-x86_64-redhat-linux/isl-install --enable-offload-targets=nvptx-none --without-cuda-driver --enable-offload-defaulted --enable-gnu-indirect-function --enable-cet --with-tune=generic --with-arch_32=i686 --build=x86_64-redhat-linux --with-build-config=bootstrap-lto --enable-link-serialization=1
Thread model: posix
Supported LTO compression algorithms: zlib zstd
gcc version 12.2.1 20221121 (Red Hat 12.2.1-4) (GCC) 
... rest of stderr output deleted ...
configure:2956: $? = 0
configure:2945: gcc -V >&5
gcc: error: unrecognized command-line option '-V'
gcc: fatal error: no input files
compilation terminated.
configure:2956: $? = 1
configure:2945: gcc -qversion >&5
gcc: error: unrecognized command-line option '-qversion'; did you mean '--version'?
gcc: fatal error: no input files
compilation terminated.
configure:2956: $? = 1
configure:2945: gcc -version >&5
gcc: error: unrecognized command-line option '-version'
gcc: fatal error: no input files
compilation terminated.
configure:2956: $? = 1
configure:2976: checking whether the C compiler works
configure:2998: gcc    conftest.c  >&5
configure:3002: $? = 0
configure:3052: result: yes
configure:3055: checking for C compiler default output file name
configure:3057: result: a.out
configure:3063: checking for suffix of executables
configure:3070: gcc -o conftest    conftest.c  >&5
configure:3074: $? = 0
configure:3097: result: 
configure:3119: checking whether we are cross compiling
configure:3127: gcc -o conftest    conftest.c  >&5
configure:3131: $? = 0
configure:3138: ./conftest
configure:3142: $? = 0
configure:3157: result: no
configure:3162: checking for suffix of object files
configure:3185: gcc -c   conftest.c >&5
configure:3189: $? = 0
configure:3211: result: o
configure:3215: checking whether the compiler supports GNU C
configure:3235: gcc -c   conftest.c >&5
configure:3235: $? = 0
configure:3245: result: yes
configure:3256: checking whether gcc accepts -g
configure:3277: gcc -c -g  conftest.c >&5
configure:3277: $? = 0
configure:3321: result: yes
configure:3341: checking for gcc option to enable C11 features
configure:3356: gcc  -c -g -O2  conftest.c >&5
configure:3356: $? = 0
configure:3374: result: none needed
configure:3532: checking for ranlib
configure:3553: found /usr/bin/ranlib
configure:3564: result: ranlib
configure:3602: checking for a BSD-compatible install
configure:3675: result: /usr/bin/install -c
configure:3686: checking whether make sets $(MAKE)
configure:3709: result: yes
configure:3719: checking for an ANSI C-conforming const
configure:3786: gcc -c -g -O2  conftest.c >&5
configure:3786: $? = 0
configure:3794: result: yes
configure:3806: checking for stdio.h
configure:3806: gcc -c -g -O2  conftest.c >&5
configure:3806: $? = 0
configure:3806: result: yes
configure:3806: checking for stdlib.h
configure:3806: gcc -c -g -O2  conftest.c >&5
configure:3806: $? = 0
configure:3806: result: yes
configure:3806: checking for string.h
configure:3806: gcc -c -g -O2  conftest.c >&5
configure:3806: $? = 0
configure:3806: result: yes
configure:3806: checking for inttypes.h
configure:3806: gcc -c -g -O2  conftest.c >&5
configure:3806: $? = 0
configure:3806: result: yes
configure:3806: checking for stdint.h
configure:3806: gcc -c -g -O2  conftest.c >&5
configure:3806: $? = 0
configure:3806: result: yes
configure:3806: checking for strings.h
configure:3806: gcc -c -g -O2  conftest.c >&5
configure:3806: $? = 0
configure:3806: result: yes
configure:3806: checking for sys/stat.h
configure:3806: gcc -c -g -O2  conftest.c >&5
configure:3806: $? = 0
configure:3806: result: yes
configure:3806: checking for sys/types.h
configure:3806: gcc -c -g -O2  conftest.c >&5
configure:3806: $? = 0
configure:3806: result: yes
configure:3806: checking for unistd.h
configure:3806: gcc -c -g -O2  conftest.c >&5
configure:3806: $? = 0
configure:3806: result: yes
configure:3831: checking for size_t
configure:3831: gcc -c -g -O2  conftest.c >&5
configure:3831: $? = 0
configure:3831: gcc -c -g -O2  conftest.c >&5
conftest.c: In function 'main':
conftest.c:50:21: error: expected expression before ')' token
   50 | if (sizeof ((size_t)))
      |                     ^
configure:3831: $? = 1
configure: failed program was:
| /* confdefs.h */
| #define PACKAGE_NAME ""
| #define PACKAGE_TARNAME ""
| #define PACKAGE_VERSION ""
| #define PACKAGE_STRING ""
| #define PACKAGE_BUGREPORT ""
| #define PACKAGE_URL ""
| #define HAVE_STDIO_H 1
| #define HAVE_STDLIB_H 1
| #define HAVE_STRING_H 1
| #define HAVE_INTTYPES_H 1
| #define HAVE_STDINT_H 1
| #define HAVE_STRINGS_H 1
| #define HAVE_SYS_STAT_H 1
| #define HAVE_SYS_TYPES_H 1
| #define HAVE_UNISTD_H 1
| #define STDC_HEADERS 1
| /* end confdefs.h.  */
| #include <stddef.h>
| #ifdef HAVE_STDIO_H
| # include <stdio.h>
| #endif
| #ifdef HAVE_STDLIB_H
| # include <stdlib.h>
| #endif
| #ifdef HAVE_STRING_H
| # include <string.h>
| #endif
| #ifdef HAVE_INTTYPES_H
| # include <inttypes.h>
| #endif
| #ifdef HAVE_STDINT_H
| # include <stdint.h>
| #endif
| #ifdef HAVE_STRINGS_H
| # include <strings.h>
| #endif
| #ifdef HAVE_SYS_TYPES_H
| # include <sys/types.h>
| #endif
| #ifdef HAVE_SYS_STAT_H
| # include <sys/stat.h>
| #endif
| #ifdef HAVE_UNISTD_H
| # include <unistd.h>
| #endif
| int
| main (void)
| {
| if (sizeof ((size_t)))
| 	    return 0;
|   ;
|   return 0;
| }
configure:3831: result: yes
configure:3841: checking for grep that handles long lines and -e
configure:3905: result: /usr/bin/grep
configure:3913: checking for egrep
configure:3981: result: /usr/bin/grep -E
configure:3987: checking for string.h
configure:3987: result: yes
configure:3993: checking for malloc.h
configure:3993: gcc -c -g -O2  conftest.c >&5
configure:3993: $? = 0
configure:3993: result: yes
configure:3999: checking for sys/types.h
configure:3999: result: yes
configure:4011: checking for working alloca.h
configure:4029: gcc -o conftest -g -O2   conftest.c  >&5
configure:4029: $? = 0
configure:4038: result: yes
configure:4046: checking for alloca
configure:4091: result: yes
configure:4271: creating ./config.status

## ---------------------- ##
## Running config.status. ##
## ---------------------- ##

This file was extended by config.status, which was
generated by GNU Autoconf 2.71.  Invocation command line was

  CONFIG_FILES    = 
  CONFIG_HEADERS  = 
  CONFIG_LINKS    = 
  CONFIG_COMMANDS = 
  $ ./config.status 

on lemmy.cs.uni-saarland.de

config.status:811: creating Makefile
config.status:811: creating config.h
config.status:986: config.h is unchanged
config.status:1000: executing default commands

## ---------------- ##
## Cache variables. ##
## ---------------- ##

ac_cv_c_compiler_gnu=yes
ac_cv_c_const=yes
ac_cv_env_CC_set=
ac_cv_env_CC_value=
ac_cv_env_CFLAGS_set=
ac_cv_env_CFLAGS_value=
ac_cv_env_CPPFLAGS_set=
ac_cv_env_CPPFLAGS_value=
ac_cv_env_LDFLAGS_set=
ac_cv_env_LDFLAGS_value=
ac_cv_env_LIBS_set=
ac_cv_env_LIBS_value=
ac_cv_env_YACC_set=
ac_cv_env_YACC_value=
ac_cv_env_YFLAGS_set=
ac_cv_env_YFLAGS_value=
ac_cv_env_build_alias_set=
ac_cv_env_build_alias_value=
ac_cv_env_host_alias_set=
ac_cv_env_host_alias_value=
ac_cv_env_target_alias_set=
ac_cv_env_target_alias_value=
ac_cv_func_alloca_works=yes
ac_cv_header_inttypes_h=yes
ac_cv_header_malloc_h=yes
ac_cv_header_stdint_h=yes
ac_cv_header_stdio_h=yes
ac_cv_header_stdlib_h=yes
ac_cv_header_string_h=yes
ac_cv_header_strings_h=yes
ac_cv_header_sys_stat_h=yes
ac_cv_header_sys_types_h=yes
ac_cv_header_unistd_h=yes
ac_cv_objext=o
ac_cv_path_EGREP='/usr/bin/grep -E'
ac_cv_path_GREP=/usr/bin/grep
ac_cv_path_install='/usr/bin/install -c'
ac_cv_prog_YACC='bison -y'
ac_cv_prog_ac_ct_CC=gcc
ac_cv_prog_ac_ct_RANLIB=ranlib
ac_cv_prog_cc_c11=
ac_cv_prog_cc_g=yes
ac_cv_prog_cc_stdc=
ac_cv_prog_make_make_set=yes
ac_cv_type_size_t=yes
ac_cv_working_alloca_h=yes

## ----------------- ##
## Output variables. ##
## ----------------- ##

ALLOCA=''
CC='gcc'
CFLAGS='-g -O2'
CPPFLAGS=''
DEFS='-DHAVE_CONFIG_H'
ECHO_C=''
ECHO_N='-n'
ECHO_T=''
EGREP='/usr/bin/grep -E'
EXEEXT=''
GREP='/usr/bin/grep'
INSTALL_DATA='${INSTALL} -m 644'
INSTALL_PROGRAM='${INSTALL}'
INSTALL_SCRIPT='${INSTALL}'
LDFLAGS=''
LIBOBJS=''
LIBS=''
LN_S='ln -s'
LTLIBOBJS=''
OBJEXT='o'
PACKAGE_BUGREPORT=''
PACKAGE_NAME=''
PACKAGE_STRING=''
PACKAGE_TARNAME=''
PACKAGE_URL=''
PACKAGE_VERSION=''
PATH_SEPARATOR=':'
RANLIB='ranlib'
SET_MAKE=''
SHELL='/bin/sh'
YACC='bison -y'
YFLAGS=''
ac_ct_CC='gcc'
bindir='${exec_prefix}/bin'
build_alias=''
datadir='${datarootdir}'
datarootdir='${prefix}/share'
docdir='${datarootdir}/doc/${PACKAGE}'
dvidir='${docdir}'
exec_prefix='${prefix}'
host_alias=''
htmldir='${docdir}'
includedir='${prefix}/include'
infodir='${datarootdir}/info'
libdir='${exec_prefix}/lib'
libexecdir='${exec_prefix}/libexec'
localedir='${datarootdir}/locale'
localstatedir='${prefix}/var'
mandir='${datarootdir}/man'
oldincludedir='/usr/include'
pdfdir='${docdir}'
prefix='/mnt/data_server/kloessner/experiments/probfd/ppddl-benchmarks/probfd-generators/random/flex-install'
program_transform_name='s,x,x,'
psdir='${docdir}'
runstatedir='${localstatedir}/run'
sbindir='${exec_prefix}/sbin'
sharedstatedir='${prefix}/com'
sysconfdir='${prefix}/etc'
target_alias=''

## ----------- ##
## confdefs.h. ##
## ----------- ##

/* confdefs.h */
#define PACKAGE_NAME ""
#define PACKAGE_TARNAME ""
#define PACKAGE_VERSION ""
#define PACKAGE_STRING ""
#define PACKAGE_BUGREPORT ""
#define PACKAGE_URL ""
#define HAVE_STDIO_H 1
#define HAVE_STDLIB_H 1
#define HAVE_STRING_H 1
#define HAVE_INTTYPES_H 1
#define HAVE_STDINT_H 1
#define HAVE_STRINGS_H 1
#define HAVE_SYS_STAT_H 1
#define HAVE_SYS_TYPES_H 1
#define HAVE_UNISTD_H 1
#define STDC_HEADERS 1
#define HAVE_STRING_H 1
#define HAVE_MALLOC_H 1
#define HAVE_SYS_TYPES_H 1
#define HAVE_ALLOCA_H 1
#define HAVE_ALLOCA 1

configure: exit 0
